Log file open, 01/28/18 20:49:35
LogWindows: Failed to load 'aqProf.dll' (GetLastError=126)
LogWindows: File 'aqProf.dll' does not exist
LogWindows: Failed to load 'VSPerf140.dll' (GetLastError=126)
LogWindows: File 'VSPerf140.dll' does not exist
LogWindows: Failed to load 'VtuneApi.dll' (GetLastError=126)
LogWindows: File 'VtuneApi.dll' does not exist
LogWindows: Failed to load 'VtuneApi32e.dll' (GetLastError=126)
LogWindows: File 'VtuneApi32e.dll' does not exist
LogInit: Display: Running engine for game: Team4FlashHack
LogPlatformFile: Not using cached read wrapper
LogInit: Display: RandInit(-47837464) SRandInit(-47837464).
LogTaskGraph: Started task graph with 5 named threads and 14 total threads with 3 sets of task threads.
LogStats: Stats thread started at 0.203187
LogD3D11RHI: Aftermath initialized
LogPluginManager: Mounting plugin Paper2D
LogPluginManager: Mounting plugin LightPropagationVolume
LogPluginManager: Mounting plugin CodeLiteSourceCodeAccess
LogPluginManager: Mounting plugin GitSourceControl
LogPluginManager: Mounting plugin KDevelopSourceCodeAccess
LogPluginManager: Mounting plugin NullSourceCodeAccess
LogPluginManager: Mounting plugin PerforceSourceControl
LogPluginManager: Mounting plugin SubversionSourceControl
LogPluginManager: Mounting plugin UObjectPlugin
LogPluginManager: Mounting plugin VisualStudioSourceCodeAccess
LogPluginManager: Mounting plugin XCodeSourceCodeAccess
LogPluginManager: Mounting plugin AssetManagerEditor
LogPluginManager: Mounting plugin AudioCapture
LogPluginManager: Mounting plugin FacialAnimation
LogPluginManager: Mounting plugin GameplayTagsEditor
LogPluginManager: Mounting plugin MobileLauncherProfileWizard
LogPluginManager: Mounting plugin PluginBrowser
LogPluginManager: Mounting plugin SpeedTreeImporter
LogPluginManager: Mounting plugin AlembicImporter
LogPluginManager: Mounting plugin CharacterAI
LogPluginManager: Mounting plugin HTML5Networking
LogPluginManager: Mounting plugin RawInput
LogPluginManager: Mounting plugin AndroidMedia
LogPluginManager: Mounting plugin AvfMedia
LogPluginManager: Mounting plugin MediaPlayerEditor
LogPluginManager: Mounting plugin WmfMedia
LogPluginManager: Mounting plugin TcpMessaging
LogPluginManager: Mounting plugin UdpMessaging
LogPluginManager: Mounting plugin LevelSequenceEditor
LogPluginManager: Mounting plugin MatineeToLevelSequence
LogPluginManager: Mounting plugin OnlineSubsystemGooglePlay
LogPluginManager: Mounting plugin OnlineSubsystemIOS
LogPluginManager: Mounting plugin OnlineSubsystem
LogPluginManager: Mounting plugin OnlineSubsystemNull
LogPluginManager: Mounting plugin OnlineSubsystemUtils
LogPluginManager: Mounting plugin AndroidDeviceProfileSelector
LogPluginManager: Mounting plugin AndroidMoviePlayer
LogPluginManager: Mounting plugin AndroidPermission
LogPluginManager: Mounting plugin AppleMoviePlayer
LogPluginManager: Mounting plugin ArchVisCharacter
LogPluginManager: Mounting plugin CableComponent
LogPluginManager: Mounting plugin CustomMeshComponent
LogPluginManager: Mounting plugin ExampleDeviceProfileSelector
LogPluginManager: Mounting plugin GoogleCloudMessaging
LogPluginManager: Mounting plugin ImmediatePhysics
LogPluginManager: Mounting plugin IOSDeviceProfileSelector
LogPluginManager: Mounting plugin LinuxDeviceProfileSelector
LogPluginManager: Mounting plugin LocationServicesBPLibrary
LogPluginManager: Mounting plugin MobilePatchingUtils
LogPluginManager: Mounting plugin OculusVR
LogPluginManager: Mounting plugin PhysXVehicles
LogPluginManager: Mounting plugin ProceduralMeshComponent
LogPluginManager: Mounting plugin RuntimePhysXCooking
LogPluginManager: Mounting plugin SteamVR
LogPluginManager: Mounting plugin WindowsMoviePlayer
LogInit: Using libcurl 7.47.1
LogInit:  - built for x86_64-pc-win32
LogInit:  - supports SSL with OpenSSL/1.0.2g
LogInit:  - supports HTTP deflate (compression) using libz 1.2.8
LogInit:  - other features:
LogInit:      CURL_VERSION_SSL
LogInit:      CURL_VERSION_LIBZ
LogInit:      CURL_VERSION_IPV6
LogInit:      CURL_VERSION_ASYNCHDNS
LogInit:      CURL_VERSION_LARGEFILE
LogInit:      CURL_VERSION_IDN
LogInit:  CurlRequestOptions (configurable via config and command line):
LogInit:  - bVerifyPeer = false  - Libcurl will NOT verify peer certificate
LogInit:  - bUseHttpProxy = false  - Libcurl will NOT use HTTP proxy
LogInit:  - bDontReuseConnections = false  - Libcurl will reuse connections
LogInit:  - CertBundlePath = nullptr  - Libcurl will use whatever was configured at build time.
LogInit: Build: ++UE4+Release-4.17-CL-3658906
LogInit: Engine Version: 4.17.2-3658906+++UE4+Release-4.17
LogInit: Compatible Engine Version: 4.17.0-3573198+++UE4+Release-4.17
LogInit: Net CL: 3573198
LogDevObjectVersion: Number of dev versions registered: 16
LogDevObjectVersion:   Dev-Blueprints (B0D832E4-1F89-4F0D-ACCF-7EB736FD4AA2): 10
LogDevObjectVersion:   Dev-Build (E1C64328-A22C-4D53-A36C-8E866417BD8C): 0
LogDevObjectVersion:   Dev-Core (375EC13C-06E4-48FB-B500-84F0262A717E): 2
LogDevObjectVersion:   Dev-Editor (E4B068ED-F494-42E9-A231-DA0B2E46BB41): 20
LogDevObjectVersion:   Dev-Framework (CFFC743F-43B0-4480-9391-14DF171D2073): 28
LogDevObjectVersion:   Dev-Mobile (B02B49B5-BB20-44E9-A304-32B752E40360): 0
LogDevObjectVersion:   Dev-Networking (A4E4105C-59A1-49B5-A7C5-40C4547EDFEE): 0
LogDevObjectVersion:   Dev-Online (39C831C9-5AE6-47DC-9A44-9C173E1C8E7C): 0
LogDevObjectVersion:   Dev-Physics (78F01B33-EBEA-4F98-B9B4-84EACCB95AA2): 0
LogDevObjectVersion:   Dev-Platform (6631380F-2D4D-43E0-8009-CF276956A95A): 0
LogDevObjectVersion:   Dev-Rendering (12F88B9F-8875-4AFC-A67C-D90C383ABD29): 19
LogDevObjectVersion:   Dev-Sequencer (7B5AE74C-D270-4C10-A958-57980B212A5A): 4
LogDevObjectVersion:   Dev-VR (D7296918-1DD6-4BDD-9DE2-64A83CC13884): 0
LogDevObjectVersion:   Dev-LoadTimes (C2A15278-BFE7-4AFE-6C17-90FF531DF755): 1
LogDevObjectVersion:   Private-Geometry (6EACA3D4-40EC-4CC1-B786-8BED09428FC5): 1
LogDevObjectVersion:   Dev-AnimPhys (29E575DD-E0A3-4627-9D10-D276232CDCEA): 7
LogInit: Compiled (64-bit): Sep 22 2017 13:47:16
LogInit: Compiled with Visual C++: 19.00.24215.01
LogInit: Build Configuration: Development
LogInit: Branch Name: ++UE4+Release-4.17
LogInit: Command line: -EpicPortal 
LogInit: Base directory: C:/Program Files/Epic Games/UE_4.17/Engine/Binaries/Win64/
LogInit: Installed Engine Build: 1
LogInit: Presizing for max 8388607 objects, including 0 objects not considered by GC, pre-allocating 0 bytes for permanent pool.
LogInit: Object subsystem initialized
[2018.01.29-02.49.36:006][  0]LogInit: Selected Device Profile: [Windows]
[2018.01.29-02.49.36:006][  0]LogInit: Applying CVar settings loaded from the selected device profile: [Windows]
[2018.01.29-02.49.36:020][  0]LogInit: Computer: WILLIAMBLOK
[2018.01.29-02.49.36:020][  0]LogInit: User: WilliamBlok
[2018.01.29-02.49.36:020][  0]LogInit: CPU Page size=4096, Cores=4
[2018.01.29-02.49.36:020][  0]LogInit: High frequency timer resolution =2.742187 MHz
[2018.01.29-02.49.36:020][  0]LogMemory: Memory total: Physical=31.9GB (32GB approx)
[2018.01.29-02.49.36:020][  0]LogMemory: Platform Memory Stats for Windows
[2018.01.29-02.49.36:020][  0]LogMemory: Process Physical Memory: 280.62 MB used, 280.62 MB peak
[2018.01.29-02.49.36:020][  0]LogMemory: Process Virtual Memory: 286.25 MB used, 286.25 MB peak
[2018.01.29-02.49.36:020][  0]LogMemory: Physical Memory: 10906.05 MB used,  21734.93 MB free, 32640.98 MB total
[2018.01.29-02.49.36:020][  0]LogMemory: Virtual Memory: 719.46 MB used,  21734.93 MB free, 134217728.00 MB total
[2018.01.29-02.49.36:714][  0]LogInit: Using OS detected language (en-US).
[2018.01.29-02.49.36:714][  0]LogInit: Using OS detected locale (en-US).
[2018.01.29-02.49.36:721][  0]LogTextLocalizationManager: No specific localization for 'en-US' exists, so the 'en' localization will be used.
[2018.01.29-02.49.37:807][  0]LogD3D11RHI: D3D11 adapters:
[2018.01.29-02.49.37:893][  0]LogD3D11RHI:    0. 'NVIDIA GeForce GTX 1070' (Feature Level 11_0)
[2018.01.29-02.49.37:893][  0]LogD3D11RHI:       8074/0/16320 MB DedicatedVideo/DedicatedSystem/SharedSystem, Outputs:1, VendorId:0x10de
[2018.01.29-02.49.37:915][  0]LogD3D11RHI:    1. 'Intel(R) HD Graphics 630' (Feature Level 11_0)
[2018.01.29-02.49.37:915][  0]LogD3D11RHI:       128/0/16320 MB DedicatedVideo/DedicatedSystem/SharedSystem, Outputs:0, VendorId:0x8086
[2018.01.29-02.49.37:920][  0]LogD3D11RHI:    2. 'Microsoft Basic Render Driver' (Feature Level 11_0)
[2018.01.29-02.49.37:920][  0]LogD3D11RHI:       0/0/16320 MB DedicatedVideo/DedicatedSystem/SharedSystem, Outputs:0, VendorId:0x1414
[2018.01.29-02.49.37:920][  0]LogD3D11RHI: Chosen D3D11 Adapter: 0
[2018.01.29-02.49.37:938][  0]LogD3D11RHI: Creating new Direct3DDevice
[2018.01.29-02.49.37:938][  0]LogD3D11RHI:     GPU DeviceId: 0x1ba1 (for the marketing name, search the web for "GPU Device Id")
[2018.01.29-02.49.37:939][  0]LogWindows: EnumDisplayDevices:
[2018.01.29-02.49.37:939][  0]LogWindows:    0. 'Intel(R) HD Graphics 630' (P:1 D:1)
[2018.01.29-02.49.37:939][  0]LogWindows:    1. 'Intel(R) HD Graphics 630' (P:0 D:0)
[2018.01.29-02.49.37:940][  0]LogWindows:    2. 'Intel(R) HD Graphics 630' (P:0 D:0)
[2018.01.29-02.49.37:940][  0]LogWindows:    3. 'NVIDIA GeForce GTX 1070' (P:0 D:0)
[2018.01.29-02.49.37:940][  0]LogWindows:    4. 'NVIDIA GeForce GTX 1070' (P:0 D:0)
[2018.01.29-02.49.37:940][  0]LogWindows:    5. 'NVIDIA GeForce GTX 1070' (P:0 D:0)
[2018.01.29-02.49.37:941][  0]LogWindows:    6. 'NVIDIA GeForce GTX 1070' (P:0 D:0)
[2018.01.29-02.49.37:941][  0]LogWindows: DebugString: GetVideoDriverDetailsInvalid PrimaryIsNotTheChoosenAdapter GetVideoDriverDetailsInvalid PrimaryIsNotTheChoosenAdapter GetVideoDriverDetailsInvalid PrimaryIsNotTheChoosenAdapter GetVideoDriverDetailsInvalid PrimaryIsNotTheChoosenAdapter GetVideoDriverDetailsInvalid PrimaryIsNotTheChoosenAdapter GetVideoDriverDetailsInvalid PrimaryIsNotTheChoosenAdapter GetVideoDriverDetailsInvalid PrimaryIsNotTheChoosenAdapter FoundDriverCount:0 
[2018.01.29-02.49.37:941][  0]LogD3D11RHI:     Adapter Name: NVIDIA GeForce GTX 1070
[2018.01.29-02.49.37:941][  0]LogD3D11RHI:   Driver Version: Unknown (internal:Unknown, unified:Unknown)
[2018.01.29-02.49.37:941][  0]LogD3D11RHI:      Driver Date: Unknown
[2018.01.29-02.49.37:941][  0]LogRHI: Texture pool is 1361 MB (70% of 1945 MB)
[2018.01.29-02.49.38:001][  0]LogD3D11RHI: Async texture creation enabled
[2018.01.29-02.49.38:020][  0]LogD3D11RHI: GPU Timing Frequency: 1000.000000 (Debug: 2 1)
[2018.01.29-02.49.38:023][  0]LogShaderCompilers: Guid format shader working directory is -7 characters bigger than the processId version (../../../../../../Users/William Blok/Desktop/ProjectoCuliao/Intermediate/Shaders/WorkingDirectory/21080/).
[2018.01.29-02.49.38:023][  0]LogShaderCompilers: Cleaned the shader compiler working directory 'C:/Users/William Blok/AppData/Local/Temp/UnrealShaderWorkingDir/8AD4C3AA4629A785E24DF2A589A9F218/'.
[2018.01.29-02.49.38:023][  0]LogShaderCompilers: Display: Using Local Shader Compiler.
[2018.01.29-02.49.39:264][  0]LogTemp: Display: Loaded TP AllDesktopTargetPlatform
[2018.01.29-02.49.39:322][  0]LogTemp: Display: Loaded TP MacClientTargetPlatform
[2018.01.29-02.49.39:379][  0]LogTemp: Display: Loaded TP MacNoEditorTargetPlatform
[2018.01.29-02.49.39:437][  0]LogTemp: Display: Loaded TP MacServerTargetPlatform
[2018.01.29-02.49.39:494][  0]LogTemp: Display: Loaded TP MacTargetPlatform
[2018.01.29-02.49.39:552][  0]LogTemp: Display: Loaded TP WindowsClientTargetPlatform
[2018.01.29-02.49.39:609][  0]LogTemp: Display: Loaded TP WindowsNoEditorTargetPlatform
[2018.01.29-02.49.39:676][  0]LogTemp: Display: Loaded TP WindowsServerTargetPlatform
[2018.01.29-02.49.39:758][  0]LogTemp: Display: Loaded TP WindowsTargetPlatform
[2018.01.29-02.49.39:869][  0]LogTemp: Display: Loaded TP AndroidTargetPlatform
[2018.01.29-02.49.39:971][  0]LogTemp: Display: Loaded TP Android_ASTCTargetPlatform
[2018.01.29-02.49.40:044][  0]LogTemp: Display: Loaded TP Android_ATCTargetPlatform
[2018.01.29-02.49.40:131][  0]LogTemp: Display: Loaded TP Android_DXTTargetPlatform
[2018.01.29-02.49.40:213][  0]LogTemp: Display: Loaded TP Android_ETC1TargetPlatform
[2018.01.29-02.49.40:309][  0]LogTemp: Display: Loaded TP Android_ETC2TargetPlatform
[2018.01.29-02.49.40:427][  0]LogTemp: Display: Loaded TP Android_MultiTargetPlatform
[2018.01.29-02.49.40:427][  0]LogTemp: Display: Loaded TP Android_PVRTCTargetPlatform
[2018.01.29-02.49.40:470][  0]LogTemp: Display: Loaded TP HTML5TargetPlatform
[2018.01.29-02.49.40:624][  0]LogTemp: Display: Loaded TP IOSTargetPlatform
[2018.01.29-02.49.40:718][  0]LogTemp: Display: Loaded TP TVOSTargetPlatform
[2018.01.29-02.49.40:791][  0]LogTemp: Display: Loaded TP LinuxClientTargetPlatform
[2018.01.29-02.49.40:856][  0]LogTemp: Display: Loaded TP LinuxNoEditorTargetPlatform
[2018.01.29-02.49.40:915][  0]LogTemp: Display: Loaded TP LinuxServerTargetPlatform
[2018.01.29-02.49.40:981][  0]LogTemp: Display: Loaded TP LinuxTargetPlatform
[2018.01.29-02.49.40:982][  0]LogTargetPlatformManager: Display: Building Assets For Windows
[2018.01.29-02.49.41:951][  0]LogDerivedDataCache: Display: Max Cache Size: 512 MB
[2018.01.29-02.49.42:037][  0]LogDerivedDataCache: Loaded boot cache 0.09s 93MB C:/Users/William Blok/AppData/Local/UnrealEngine/4.17/DerivedDataCache/Boot.ddc.
[2018.01.29-02.49.42:037][  0]LogDerivedDataCache: Display: Loaded Boot cache: C:/Users/William Blok/AppData/Local/UnrealEngine/4.17/DerivedDataCache/Boot.ddc
[2018.01.29-02.49.42:037][  0]LogDerivedDataCache: FDerivedDataBackendGraph:  Pak pak cache file ../../../../../../Users/William Blok/Desktop/ProjectoCuliao/DerivedDataCache/DDC.ddp not found, will not use a pak cache.
[2018.01.29-02.49.42:037][  0]LogDerivedDataCache: Unable to find inner node Pak for hierarchical cache Hierarchy.
[2018.01.29-02.49.42:038][  0]LogDerivedDataCache: FDerivedDataBackendGraph:  CompressedPak pak cache file ../../../../../../Users/William Blok/Desktop/ProjectoCuliao/DerivedDataCache/Compressed.ddp not found, will not use a pak cache.
[2018.01.29-02.49.42:038][  0]LogDerivedDataCache: Unable to find inner node CompressedPak for hierarchical cache Hierarchy.
[2018.01.29-02.49.42:055][  0]LogDerivedDataCache: Display: Pak cache opened for reading ../../../Engine/DerivedDataCache/Compressed.ddp.
[2018.01.29-02.49.42:067][  0]LogDerivedDataCache: Using Local data cache path C:/Users/William Blok/AppData/Local/UnrealEngine/Common/DerivedDataCache: Writable
[2018.01.29-02.49.42:087][  0]LogMaterial: Verifying Global Shaders for PCD3D_SM5
[2018.01.29-02.49.42:087][  0]LogSlate: Using Freetype 2.6.0
[2018.01.29-02.49.42:089][  0]LogSlate: SlateFontCache - WITH_FREETYPE: 1, WITH_HARFBUZZ: 1
[2018.01.29-02.49.42:089][  0]LogSlate: SlateFontCache - WITH_FREETYPE: 1, WITH_HARFBUZZ: 1
[2018.01.29-02.49.42:487][  0]LogAssetRegistry: FAssetRegistry took 0.0344 seconds to start up
[2018.01.29-02.49.42:655][  0]LogInit: Selected Device Profile: [Windows]
[2018.01.29-02.49.42:811][  0]LogContentStreaming: Texture pool size is 0.00 MB
[2018.01.29-02.49.43:188][  0]LogSimplygon: Simplygon DLL not present - disabling.
[2018.01.29-02.49.43:237][  0]LogMeshReduction: Using SimplygonSwarm for distributed automatic mesh merging
[2018.01.29-02.49.43:237][  0]LogMeshReduction: Using QuadricMeshReduction for automatic static mesh reduction
[2018.01.29-02.49.43:237][  0]LogMeshReduction: No automatic skeletal mesh reduction module available
[2018.01.29-02.49.43:237][  0]LogMeshReduction: No automatic mesh merging module available
[2018.01.29-02.49.43:237][  0]LogMeshMerging: No automatic mesh merging module available
[2018.01.29-02.49.43:653][  0]LogNetVersion: Team4FlashHack , NetCL: 3573198, EngineNetVer: 2, GameNetVer: 0 (Checksum: 236128511)
[2018.01.29-02.49.43:934][  0]LogPackageLocalizationCache: Processed 5 localized package path(s) for 2 prioritized culture(s) in 0.063811 seconds
[2018.01.29-02.49.43:941][  0]LogUObjectArray: 35825 objects as part of root set at end of initial load.
[2018.01.29-02.49.43:941][  0]LogUObjectAllocator: 7529104 out of 0 bytes used by permanent object pool.
[2018.01.29-02.49.43:941][  0]LogUObjectArray: CloseDisregardForGC: 0/0 objects in disregard for GC pool
[2018.01.29-02.49.44:020][  0]LogInit: WinSock: version 1.1 (2.2), MaxSocks=32767, MaxUdp=65467
[2018.01.29-02.49.47:225][  0]LogTcpMessaging: Initializing TcpMessaging bridge
[2018.01.29-02.49.47:280][  0]LogUdpMessaging: Initializing bridge on interface 0.0.0.0:0 to multicast group 230.0.0.1:6666.
[2018.01.29-02.49.48:225][  0]LogMaterial: Uniform references updated for custom material expression Custom.
[2018.01.29-02.49.48:866][  0]SourceControl: Source control is disabled
[2018.01.29-02.49.48:866][  0]SourceControl: Source control is disabled
[2018.01.29-02.49.48:920][  0]SourceControl: Source control is disabled
[2018.01.29-02.49.48:974][  0]SourceControl: Source control is disabled
[2018.01.29-02.49.50:057][  0]LogAndroidPermission: UAndroidPermissionCallbackProxy::GetInstance
[2018.01.29-02.49.50:493][  0]LogOcInput: OculusInput pre-init called
[2018.01.29-02.49.50:909][  0]LogEngine: Initializing Engine...
[2018.01.29-02.49.50:912][  0]LogHMD: Failed to initialize OpenVR with code 110
[2018.01.29-02.49.51:265][  0]LogStats: UGameplayTagsManager::ConstructGameplayTagTree: Construct from data asset -  0.000 s
[2018.01.29-02.49.51:265][  0]LogStats: UGameplayTagsManager::ConstructGameplayTagTree: GameplayTagTreeChangedEvent.Broadcast -  0.000 s
[2018.01.29-02.49.51:413][  0]LogAIModule: Creating AISystem for world Untitled
[2018.01.29-02.49.51:424][  0]LogInit: XAudio2 using 'Speakers / Headphones (Realtek Audio)' : 6 channels at 48 kHz using 32 bits per sample (channel mask 0x3f)
[2018.01.29-02.49.51:558][  0]LogInit: FAudioDevice initialized.
[2018.01.29-02.49.51:694][  0]LogDerivedDataCache: Saved boot cache 0.14s 93MB C:/Users/William Blok/AppData/Local/UnrealEngine/4.17/DerivedDataCache/Boot.ddc.
[2018.01.29-02.49.51:711][  0]LogInit: Texture streaming: Enabled
[2018.01.29-02.49.51:852][  0]LogEngineSessionManager: EngineSessionManager initialized
[2018.01.29-02.49.52:221][  0]LogInit: Transaction tracking system initialized
[2018.01.29-02.49.52:691][  0]BlueprintLog: New page: Editor Load
[2018.01.29-02.49.53:853][  0]LocalizationService: Localization service is disabled
[2018.01.29-02.49.54:867][  0]LogConsoleResponse: Display: 
[2018.01.29-02.49.55:108][  0]LogCook: Display: Max memory allowance for cook 16384mb min free memory 0mb
[2018.01.29-02.49.55:109][  0]LogCook: Display: Mobile HDR setting 1
[2018.01.29-02.49.55:109][  0]LogGameplayTags: Display: UGameplayTagsManager::DoneAddingNativeTags. DelegateIsBound: 0
[2018.01.29-02.49.55:544][  0]LogFileCache: Scanning file cache for directory 'C:/Users/William Blok/Desktop/ProjectoCuliao/Content/' took 0.02s
[2018.01.29-02.49.57:185][  0]SourceControl: Source control is disabled
[2018.01.29-02.49.57:186][  0]Cmd: MAP LOAD FILE="../../../../../../Users/William Blok/Desktop/ProjectoCuliao/Content/VehicleBP/Maps/VehicleExampleMap.umap" TEMPLATE=0 SHOWPROGRESS=1 FEATURELEVEL=3
[2018.01.29-02.49.57:186][  0]LightingResults: New page: Lighting Build
[2018.01.29-02.49.57:257][  0]MapCheck: New page: Map Check
[2018.01.29-02.49.57:257][  0]LightingResults: New page: Lighting Build
[2018.01.29-02.49.58:233][  0]LogAIModule: Creating AISystem for world VehicleExampleMap
[2018.01.29-02.49.58:327][  0]LogEditorServer: Finished looking for orphan Actors (0.000 secs)
[2018.01.29-02.49.58:387][  0]Cmd: MAP CHECKDEP NOCLEARLOG
[2018.01.29-02.49.58:505][  0]MapCheck: Map check complete: 0 Error(s), 0 Warning(s), took 117.791ms to complete.
[2018.01.29-02.49.58:505][  0]LogFileHelpers: Loading map 'VehicleExampleMap' took 1.319
[2018.01.29-02.49.58:712][  0]LogCollectionManager: Loaded 0 collections in 0.002701 seconds
[2018.01.29-02.49.58:814][  0]LogFileCache: Scanning file cache for directory 'C:/Users/William Blok/Desktop/ProjectoCuliao/Saved/Collections/' took 0.01s
[2018.01.29-02.49.58:814][  0]LogFileCache: Scanning file cache for directory 'C:/Users/William Blok/Desktop/ProjectoCuliao/Content/Developers/WilliamBlok/Collections/' took 0.01s
[2018.01.29-02.49.58:814][  0]LogFileCache: Scanning file cache for directory 'C:/Users/William Blok/Desktop/ProjectoCuliao/Content/Collections/' took 0.01s
[2018.01.29-02.49.58:814][  0]LogCollectionManager: Rebuilt the GUID cache for 0 collections in 0.000001 seconds
[2018.01.29-02.49.58:825][  0]LogContentBrowser: Native class hierarchy populated in 0.0108 seconds. Added 2388 classes and 503 folders.
[2018.01.29-02.49.58:902][  0]LogContentBrowser: Native class hierarchy updated for 'WidgetCarousel' in 0.0008 seconds. Added 0 classes and 0 folders.
[2018.01.29-02.49.58:945][  0]LogContentBrowser: Native class hierarchy updated for 'AddContentDialog' in 0.0009 seconds. Added 0 classes and 0 folders.
[2018.01.29-02.49.58:998][  0]LogContentBrowser: Native class hierarchy updated for 'SceneOutliner' in 0.0007 seconds. Added 1 classes and 2 folders.
[2018.01.29-02.49.59:026][  0]LogSlate: Took 0.000237 seconds to synchronously load lazily loaded font '../../../Engine/Content/Slate/Fonts/Roboto-Regular.ttf' (155K)
[2018.01.29-02.49.59:028][  0]LogSlate: Took 0.000186 seconds to synchronously load lazily loaded font '../../../Engine/Content/Slate/Fonts/Roboto-Bold.ttf' (160K)
[2018.01.29-02.49.59:033][  0]LogSlate: Took 0.000253 seconds to synchronously load lazily loaded font '../../../Engine/Content/Editor/Slate/Fonts/FontAwesome.ttf' (139K)
[2018.01.29-02.49.59:164][  0]LogRenderer: Reallocating scene render targets to support 1208x628 Format 10 NumSamples 1 (Frame:1).
[2018.01.29-02.49.59:254][  0]LogSlate: Took 0.000171 seconds to synchronously load lazily loaded font '../../../Engine/Content/Slate/Fonts/Roboto-Light.ttf' (159K)
[2018.01.29-02.49.59:471][  0]LogContentBrowser: Native class hierarchy updated for 'HierarchicalLODOutliner' in 0.0016 seconds. Added 1 classes and 2 folders.
[2018.01.29-02.49.59:471][  0]LogLoad: (Engine Initialization) Total time: 25.65 seconds
[2018.01.29-02.49.59:471][  0]LogLoad: (Engine Initialization) Total Blueprint compile time: 0.00 seconds
[2018.01.29-02.49.59:472][  0]LogExternalProfiler: No external profilers were discovered.  External profiling features will not be available.
[2018.01.29-02.49.59:490][  0]LogWindowsTextInputMethodSystem: Display: IME system now deactivated.
[2018.01.29-02.49.59:492][  0]LogRawInputWindows: Warning: Found device 0 devices
[2018.01.29-02.49.59:492][  0]LogRawInputWindows: Warning: Found device 0 devices
[2018.01.29-02.49.59:492][  0]LogRawInputWindows: Warning: Device was registered succesfully but not connected (Usage:4 UsagePage:1
[2018.01.29-02.49.59:492][  0]LogRawInputWindows: Warning: Found device 1 devices
[2018.01.29-02.49.59:492][  0]LogRawInputWindows: Warning: Device was registered succesfully but not connected (Usage:5 UsagePage:1
[2018.01.29-02.49.59:513][  0]LogContentStreaming: Texture pool size now 1000 MB
[2018.01.29-02.49.59:600][  1]LogAssetRegistry: Asset discovery search completed in 17.1356 seconds
[2018.01.29-02.49.59:602][  1]LogCollectionManager: Rebuilt the object cache for 0 collections in 0.000001 seconds (found 0 objects)
[2018.01.29-02.49.59:602][  1]LogCollectionManager: Fixed up redirectors for 0 collections in 0.000057 seconds (updated 0 objects)
[2018.01.29-02.50.34:553][286]Cmd: MAP LOAD FILE="../../../Engine/Content/Maps/Templates/Template_Default.umap" TEMPLATE=1 SHOWPROGRESS=1 FEATURELEVEL=3
[2018.01.29-02.50.34:580][286]LogSlate: Took 0.000178 seconds to synchronously load lazily loaded font '../../../Engine/Content/Slate/Fonts/Roboto-Light.ttf' (159K)
[2018.01.29-02.50.34:593][286]LightingResults: New page: Lighting Build
[2018.01.29-02.50.34:594][286]LoadErrors: New page: Loading map: Template_Default.umap
[2018.01.29-02.50.34:609][286]MapCheck: New page: Map Check
[2018.01.29-02.50.34:609][286]LightingResults: New page: Lighting Build
[2018.01.29-02.50.34:642][286]LogAIModule: Creating AISystem for world Untitled_1
[2018.01.29-02.50.34:654][286]LogEditorServer: Finished looking for orphan Actors (0.000 secs)
[2018.01.29-02.50.34:673][286]Cmd: MAP CHECKDEP NOCLEARLOG
[2018.01.29-02.50.34:732][286]MapCheck: Map check complete: 0 Error(s), 0 Warning(s), took 58.288ms to complete.
[2018.01.29-02.50.34:732][286]LogFileHelpers: Loading map 'Template_Default' took 0.179
[2018.01.29-02.50.46:926][571]LogTemp: Repeating last play command: Selected Viewport
[2018.01.29-02.50.46:981][571]LogPlayLevel: PlayLevel: No blueprints needed recompiling
[2018.01.29-02.50.46:982][571]PIE: New page: PIE session: Untitled_1 (Jan 28, 2018, 2:50:46 PM)
[2018.01.29-02.50.46:982][571]LogPlayLevel: Creating play world package: /Temp/UEDPIE_0_Untitled_1
[2018.01.29-02.50.46:983][571]LogPlayLevel: PIE: StaticDuplicateObject took: (0.001543s)
[2018.01.29-02.50.46:984][571]LogAIModule: Creating AISystem for world Untitled_1
[2018.01.29-02.50.46:984][571]LogPlayLevel: PIE: World Init took: (0.000633s)
[2018.01.29-02.50.46:984][571]LogPlayLevel: PIE: Created PIE world by copying editor world from /Temp/Untitled_1.Untitled_1 to /Temp/UEDPIE_0_Untitled_1.Untitled_1 (0.002472s)
[2018.01.29-02.50.47:000][571]LogInit: XAudio2 using 'Speakers / Headphones (Realtek Audio)' : 6 channels at 48 kHz using 32 bits per sample (channel mask 0x3f)
[2018.01.29-02.50.47:059][571]LogInit: FAudioDevice initialized.
[2018.01.29-02.50.47:103][571]LogLoad: Game class is 'VehicleGameMode_C'
[2018.01.29-02.50.47:109][571]LogWorld: Bringing World /Temp/UEDPIE_0_Untitled_1.Untitled_1 up for play (max tick rate 60) at 2018.01.28-20.50.47
[2018.01.29-02.50.47:109][571]LogWorld: Bringing up level for play took: 0.001077
[2018.01.29-02.50.47:215][571]LogContentBrowser: Native class hierarchy updated for 'MovieSceneCapture' in 0.0010 seconds. Added 11 classes and 0 folders.
[2018.01.29-02.50.47:218][571]PIE: Play in editor start time for /Temp/UEDPIE_0_Untitled_1 1.132
[2018.01.29-02.50.56:831][924]LogTexture: Display: Building textures: Texture2D_2 (G8, 128X128)
[2018.01.29-02.51.28:771][463]LogTexture: Display: Building textures: Texture2D_0 (BGRA8, 256X256)
[2018.01.29-02.52.15:541][676]LogSlate: Took 0.000224 seconds to synchronously load lazily loaded font '../../../Engine/Content/Slate/Fonts/Roboto-Light.ttf' (159K)
[2018.01.29-02.52.29:327][ 89]Cmd: TRANSACTION UNDO
[2018.01.29-02.52.29:327][ 89]LogEditorTransaction: Undo Edit Y
[2018.01.29-02.52.29:366][ 89]LogPhysics: Warning: PopulatePhysXGeometryAndTransform(Convex): ConvexElem is missing ConvexMesh
[2018.01.29-02.52.29:366][ 89]LogPhysics: Warning: ForeachShape(Convex): [/Temp/Untitled_1.Untitled_1:PersistentLevel.Landscape_0.SplineMeshComponent_5] ScaledElem[0] invalid
[2018.01.29-02.52.29:392][ 89]LogPhysics: Warning: PopulatePhysXGeometryAndTransform(Convex): ConvexElem is missing ConvexMesh
[2018.01.29-02.52.29:392][ 89]LogPhysics: Warning: ForeachShape(Convex): [/Temp/Untitled_1.Untitled_1:PersistentLevel.Landscape_0.SplineMeshComponent_6] ScaledElem[0] invalid
[2018.01.29-02.54.04:626][904]Cmd: TRANSACTION UNDO
[2018.01.29-02.54.04:626][904]LogEditorTransaction: Undo Add Landscape Spline Segment
[2018.01.29-02.54.09:529][  8]Cmd: DELETE
[2018.01.29-02.54.09:529][  8]Cmd: ACTOR DELETE
[2018.01.29-02.54.40:330][863]LogEditorViewport: Clicking on Actor (LMB): PlayerStart (Player Start)
[2018.01.29-02.54.42:533][929]LogEditorViewport: Clicking on Actor (LMB): PlayerStart (Player Start)
[2018.01.29-02.54.43:275][951]LogEditorViewport: Clicking on Actor (LMB): PlayerStart (Player Start)
[2018.01.29-02.54.44:004][973]LogEditorViewport: Clicking on Actor (LMB): PlayerStart (Player Start)
[2018.01.29-02.54.46:247][ 35]LogEditorViewport: Clicking on Actor (LMB): PlayerStart (Player Start)
[2018.01.29-02.54.47:411][ 69]LogNavigationPoint: PostEditMove Clear paths rebuilt
[2018.01.29-02.54.49:118][119]LogNavigationPoint: PostEditMove Clear paths rebuilt
[2018.01.29-02.54.53:749][256]LogNavigationPoint: PostEditMove Clear paths rebuilt
[2018.01.29-02.54.54:440][272]LogTemp: Repeating last play command: Selected Viewport
[2018.01.29-02.54.54:461][272]LogPlayLevel: PlayLevel: No blueprints needed recompiling
[2018.01.29-02.54.54:462][272]PIE: New page: PIE session: Untitled_1 (Jan 28, 2018, 2:54:54 PM)
[2018.01.29-02.54.54:462][272]LogPlayLevel: Creating play world package: /Temp/UEDPIE_0_Untitled_1
[2018.01.29-02.54.54:475][272]LogPlayLevel: PIE: StaticDuplicateObject took: (0.013097s)
[2018.01.29-02.54.54:475][272]LogAIModule: Creating AISystem for world Untitled_1
[2018.01.29-02.54.54:476][272]LogPlayLevel: PIE: World Init took: (0.000823s)
[2018.01.29-02.54.54:476][272]LogPlayLevel: PIE: Created PIE world by copying editor world from /Temp/Untitled_1.Untitled_1 to /Temp/UEDPIE_0_Untitled_1.Untitled_1 (0.014172s)
[2018.01.29-02.54.54:515][272]LogInit: XAudio2 using 'Speakers / Headphones (Realtek Audio)' : 6 channels at 48 kHz using 32 bits per sample (channel mask 0x3f)
[2018.01.29-02.54.54:575][272]LogInit: FAudioDevice initialized.
[2018.01.29-02.54.54:609][272]LogLoad: Game class is 'VehicleGameMode_C'
[2018.01.29-02.54.54:615][272]LogWorld: Bringing World /Temp/UEDPIE_0_Untitled_1.Untitled_1 up for play (max tick rate 60) at 2018.01.28-20.54.54
[2018.01.29-02.54.54:616][272]LogWorld: Bringing up level for play took: 0.003058
[2018.01.29-02.54.54:618][272]PIE: Play in editor start time for /Temp/UEDPIE_0_Untitled_1 0.532
[2018.01.29-02.55.37:885][730]Cmd: DELETE
[2018.01.29-02.55.37:885][730]Cmd: ACTOR DELETE
[2018.01.29-02.55.40:882][851]Cmd: DELETE
[2018.01.29-02.55.40:882][851]Cmd: ACTOR DELETE
[2018.01.29-02.55.42:038][919]Cmd: DELETE
[2018.01.29-02.55.42:038][919]Cmd: ACTOR DELETE
[2018.01.29-02.55.44:347][ 56]Cmd: DELETE
[2018.01.29-02.55.44:347][ 56]Cmd: ACTOR DELETE
[2018.01.29-02.55.45:995][154]Cmd: DELETE
[2018.01.29-02.55.45:995][154]Cmd: ACTOR DELETE
[2018.01.29-02.55.47:033][215]Cmd: DELETE
[2018.01.29-02.55.47:033][215]Cmd: ACTOR DELETE
[2018.01.29-02.56.49:973][762]Cmd: MODE ROTGRID=0
[2018.01.29-02.58.37:013][ 94]Cmd: TRANSACTION UNDO
[2018.01.29-02.58.37:013][ 94]LogEditorTransaction: Undo Modify Landscape Spline Control Point
[2018.01.29-02.58.38:468][140]Cmd: TRANSACTION UNDO
[2018.01.29-02.58.38:468][140]LogEditorTransaction: Undo Add Landscape Spline Segment
[2018.01.29-02.58.44:404][404]Cmd: TRANSACTION UNDO
[2018.01.29-02.58.44:404][404]LogEditorTransaction: Undo Modify Landscape Spline Control Point
[2018.01.29-02.59.02:670][323]LogNavigationPoint: PostEditMove Clear paths rebuilt
[2018.01.29-02.59.11:159][617]LogNavigationPoint: PostEditMove Clear paths rebuilt
[2018.01.29-03.00.21:873][624]LogEditorViewport: Clicking on Actor (LMB): PlayerStart (Player Start)
[2018.01.29-03.00.24:124][690]LogTemp: Repeating last play command: Selected Viewport
[2018.01.29-03.00.24:145][690]LogPlayLevel: PlayLevel: No blueprints needed recompiling
[2018.01.29-03.00.24:146][690]PIE: New page: PIE session: Untitled_1 (Jan 28, 2018, 3:00:24 PM)
[2018.01.29-03.00.24:146][690]LogPlayLevel: Creating play world package: /Temp/UEDPIE_0_Untitled_1
[2018.01.29-03.00.24:165][690]LogPlayLevel: PIE: StaticDuplicateObject took: (0.019015s)
[2018.01.29-03.00.24:165][690]LogAIModule: Creating AISystem for world Untitled_1
[2018.01.29-03.00.24:166][690]LogPlayLevel: PIE: World Init took: (0.000837s)
[2018.01.29-03.00.24:166][690]LogPlayLevel: PIE: Created PIE world by copying editor world from /Temp/Untitled_1.Untitled_1 to /Temp/UEDPIE_0_Untitled_1.Untitled_1 (0.020085s)
[2018.01.29-03.00.24:198][690]LogInit: XAudio2 using 'Speakers / Headphones (Realtek Audio)' : 6 channels at 48 kHz using 32 bits per sample (channel mask 0x3f)
[2018.01.29-03.00.24:262][690]LogInit: FAudioDevice initialized.
[2018.01.29-03.00.24:292][690]LogLoad: Game class is 'VehicleGameMode_C'
[2018.01.29-03.00.24:301][690]LogWorld: Bringing World /Temp/UEDPIE_0_Untitled_1.Untitled_1 up for play (max tick rate 0) at 2018.01.28-21.00.24
[2018.01.29-03.00.24:301][690]LogWorld: Bringing up level for play took: 0.004668
[2018.01.29-03.00.24:304][690]PIE: Play in editor start time for /Temp/UEDPIE_0_Untitled_1 0.218
[2018.01.29-03.00.29:497][844]LogEditorViewport: Clicking on Actor (LMB): PlayerStart (Player Start)
[2018.01.29-03.00.31:348][900]LogNavigationPoint: PostEditMove Clear paths rebuilt
[2018.01.29-03.00.31:631][908]Cmd: TRANSACTION UNDO
[2018.01.29-03.00.31:631][908]LogEditorTransaction: Undo Rotate Actors
[2018.01.29-03.00.32:870][925]Cmd: MODE ROTGRID=1
[2018.01.29-03.00.35:069][961]LogNavigationPoint: PostEditMove Clear paths rebuilt
[2018.01.29-03.00.36:568][  6]LogNavigationPoint: PostEditMove Clear paths rebuilt
[2018.01.29-03.00.37:424][ 26]LogTemp: Repeating last play command: Selected Viewport
[2018.01.29-03.00.37:446][ 26]LogPlayLevel: PlayLevel: No blueprints needed recompiling
[2018.01.29-03.00.37:446][ 26]PIE: New page: PIE session: Untitled_1 (Jan 28, 2018, 3:00:37 PM)
[2018.01.29-03.00.37:446][ 26]LogPlayLevel: Creating play world package: /Temp/UEDPIE_0_Untitled_1
[2018.01.29-03.00.37:465][ 26]LogPlayLevel: PIE: StaticDuplicateObject took: (0.018759s)
[2018.01.29-03.00.37:465][ 26]LogAIModule: Creating AISystem for world Untitled_1
[2018.01.29-03.00.37:466][ 26]LogPlayLevel: PIE: World Init took: (0.000863s)
[2018.01.29-03.00.37:466][ 26]LogPlayLevel: PIE: Created PIE world by copying editor world from /Temp/Untitled_1.Untitled_1 to /Temp/UEDPIE_0_Untitled_1.Untitled_1 (0.019863s)
[2018.01.29-03.00.37:482][ 26]LogInit: XAudio2 using 'Speakers / Headphones (Realtek Audio)' : 6 channels at 48 kHz using 32 bits per sample (channel mask 0x3f)
[2018.01.29-03.00.37:542][ 26]LogInit: FAudioDevice initialized.
[2018.01.29-03.00.37:574][ 26]LogLoad: Game class is 'VehicleGameMode_C'
[2018.01.29-03.00.37:581][ 26]LogWorld: Bringing World /Temp/UEDPIE_0_Untitled_1.Untitled_1 up for play (max tick rate 0) at 2018.01.28-21.00.37
[2018.01.29-03.00.37:582][ 26]LogWorld: Bringing up level for play took: 0.003763
[2018.01.29-03.00.37:584][ 26]PIE: Play in editor start time for /Temp/UEDPIE_0_Untitled_1 -0.503
[2018.01.29-03.00.55:389][559]LogTemp: Repeating last play command: Selected Viewport
[2018.01.29-03.00.55:411][559]LogPlayLevel: PlayLevel: No blueprints needed recompiling
[2018.01.29-03.00.55:411][559]PIE: New page: PIE session: Untitled_1 (Jan 28, 2018, 3:00:55 PM)
[2018.01.29-03.00.55:411][559]LogPlayLevel: Creating play world package: /Temp/UEDPIE_0_Untitled_1
[2018.01.29-03.00.55:430][559]LogPlayLevel: PIE: StaticDuplicateObject took: (0.018582s)
[2018.01.29-03.00.55:431][559]LogAIModule: Creating AISystem for world Untitled_1
[2018.01.29-03.00.55:431][559]LogPlayLevel: PIE: World Init took: (0.000837s)
[2018.01.29-03.00.55:431][559]LogPlayLevel: PIE: Created PIE world by copying editor world from /Temp/Untitled_1.Untitled_1 to /Temp/UEDPIE_0_Untitled_1.Untitled_1 (0.019704s)
[2018.01.29-03.00.55:448][559]LogInit: XAudio2 using 'Speakers / Headphones (Realtek Audio)' : 6 channels at 48 kHz using 32 bits per sample (channel mask 0x3f)
[2018.01.29-03.00.55:508][559]LogInit: FAudioDevice initialized.
[2018.01.29-03.00.55:539][559]LogLoad: Game class is 'VehicleGameMode_C'
[2018.01.29-03.00.55:546][559]LogWorld: Bringing World /Temp/UEDPIE_0_Untitled_1.Untitled_1 up for play (max tick rate 0) at 2018.01.28-21.00.55
[2018.01.29-03.00.55:547][559]LogWorld: Bringing up level for play took: 0.003666
[2018.01.29-03.00.55:549][559]PIE: Play in editor start time for /Temp/UEDPIE_0_Untitled_1 -0.537
[2018.01.29-03.01.47:829][136]LogTemp: Repeating last play command: Selected Viewport
[2018.01.29-03.01.47:879][136]LogPlayLevel: PlayLevel: No blueprints needed recompiling
[2018.01.29-03.01.47:879][136]PIE: New page: PIE session: Untitled_1 (Jan 28, 2018, 3:01:47 PM)
[2018.01.29-03.01.47:880][136]LogPlayLevel: Creating play world package: /Temp/UEDPIE_0_Untitled_1
[2018.01.29-03.01.47:912][136]LogPlayLevel: PIE: StaticDuplicateObject took: (0.032598s)
[2018.01.29-03.01.47:913][136]LogAIModule: Creating AISystem for world Untitled_1
[2018.01.29-03.01.47:914][136]LogPlayLevel: PIE: World Init took: (0.001471s)
[2018.01.29-03.01.47:914][136]LogPlayLevel: PIE: Created PIE world by copying editor world from /Temp/Untitled_1.Untitled_1 to /Temp/UEDPIE_0_Untitled_1.Untitled_1 (0.034439s)
[2018.01.29-03.01.47:933][136]LogInit: XAudio2 using 'Speakers / Headphones (Realtek Audio)' : 6 channels at 48 kHz using 32 bits per sample (channel mask 0x3f)
[2018.01.29-03.01.47:990][136]LogInit: FAudioDevice initialized.
[2018.01.29-03.01.48:021][136]LogLoad: Game class is 'VehicleGameMode_C'
[2018.01.29-03.01.48:028][136]LogWorld: Bringing World /Temp/UEDPIE_0_Untitled_1.Untitled_1 up for play (max tick rate 0) at 2018.01.28-21.01.48
[2018.01.29-03.01.48:028][136]LogWorld: Bringing up level for play took: 0.003493
[2018.01.29-03.01.48:031][136]PIE: Play in editor start time for /Temp/UEDPIE_0_Untitled_1 -0.056
[2018.01.29-03.02.44:794][981]Cmd: OBJ SAVEPACKAGE PACKAGE="/Game/Maps/CircularMap" FILE="../../../../../../Users/William Blok/Desktop/ProjectoCuliao/Content/Maps/CircularMap.umap" SILENT=true AUTOSAVING=false KEEPDIRTY=false
[2018.01.29-03.02.45:211][981]LogSavePackage: Save=363.12ms
[2018.01.29-03.02.45:211][981]LogSavePackage: Moving '../../../../../../Users/William Blok/Desktop/ProjectoCuliao/Saved/CircularMapBF43B9F3422EEB3001226C96A499DD43.tmp' to '../../../../../../Users/William Blok/Desktop/ProjectoCuliao/Content/Maps/CircularMap.umap'
[2018.01.29-03.02.45:217][981]LogSavePackage: Display: Finished SavePackage ../../../../../../Users/William Blok/Desktop/ProjectoCuliao/Content/Maps/CircularMap.umap
[2018.01.29-03.02.45:266][981]Cmd: OBJ SAVEPACKAGE PACKAGE="/Game/Maps/CircularMap_BuiltData" FILE="../../../../../../Users/William Blok/Desktop/ProjectoCuliao/Content/Maps/CircularMap_BuiltData.uasset" SILENT=true
[2018.01.29-03.02.45:280][981]LogSavePackage: Save=11.91ms
[2018.01.29-03.02.45:280][981]LogSavePackage: Moving '../../../../../../Users/William Blok/Desktop/ProjectoCuliao/Saved/CircularMap_BuiltDataF7CB7F3141ED4E980891F992E97BA163.tmp' to '../../../../../../Users/William Blok/Desktop/ProjectoCuliao/Content/Maps/CircularMap_BuiltData.uasset'
[2018.01.29-03.02.45:282][981]LogSavePackage: Display: Finished SavePackage ../../../../../../Users/William Blok/Desktop/ProjectoCuliao/Content/Maps/CircularMap_BuiltData.uasset
[2018.01.29-03.02.45:289][981]LogFileHelpers: Saving map 'CircularMap' took 1.329
[2018.01.29-03.02.49:706][110]Cmd: QUIT_EDITOR
[2018.01.29-03.02.49:940][110]LogWindowsTextInputMethodSystem: Display: IME system now deactivated.
[2018.01.29-03.02.49:998][110]LogExit: Preparing to exit.
[2018.01.29-03.02.50:720][110]LogDirectoryWatcher: A directory notification for 'C:/Users/William Blok/Desktop/ProjectoCuliao/Content/' was aborted.
[2018.01.29-03.02.50:769][110]LogExit: Editor shut down
[2018.01.29-03.02.50:775][110]LogExit: Transaction tracking system shut down
[2018.01.29-03.02.50:958][110]LogDirectoryWatcher: A directory notification for '../../../Engine/Content/' was aborted.
[2018.01.29-03.02.50:958][110]LogDirectoryWatcher: A directory notification for '../../../../../../Users/William Blok/Desktop/ProjectoCuliao/Content/' was aborted.
[2018.01.29-03.02.50:959][110]LogDirectoryWatcher: A directory notification for '../../../Engine/Plugins/2D/Paper2D/Content/' was aborted.
[2018.01.29-03.02.50:959][110]LogDirectoryWatcher: A directory notification for '../../../Engine/Plugins/Runtime/Oculus/OculusVR/Content/' was aborted.
[2018.01.29-03.02.50:959][110]LogDirectoryWatcher: A directory notification for '../../../Engine/Plugins/Runtime/Steam/SteamVR/Content/' was aborted.
[2018.01.29-03.02.51:041][110]LogExit: Object subsystem successfully closed.
[2018.01.29-03.02.51:072][110]LogD3D11RHI: Shutdown
[2018.01.29-03.02.51:072][110]LogD3D11RHI: CleanupD3DDevice
[2018.01.29-03.02.51:198][110]LogD3D11RHI: ~FD3D11DynamicRHI
[2018.01.29-03.02.51:215][110]LogModuleManager: Shutting down and abandoning module MovieSceneCapture (536)
[2018.01.29-03.02.51:215][110]LogModuleManager: Shutting down and abandoning module NewLevelDialog (534)
[2018.01.29-03.02.51:215][110]LogModuleManager: Shutting down and abandoning module HierarchicalLODOutliner (532)
[2018.01.29-03.02.51:215][110]LogModuleManager: Shutting down and abandoning module SceneOutliner (530)
[2018.01.29-03.02.51:215][110]LogModuleManager: Shutting down and abandoning module AddContentDialog (528)
[2018.01.29-03.02.51:215][110]LogDirectoryWatcher: A directory notification for 'C:/Program Files/Epic Games/UE_4.17/FeaturePacks/' was aborted.
[2018.01.29-03.02.51:216][110]LogModuleManager: Shutting down and abandoning module WidgetCarousel (527)
[2018.01.29-03.02.51:216][110]LogModuleManager: Shutting down and abandoning module EditorWidgets (524)
[2018.01.29-03.02.51:216][110]LogModuleManager: Shutting down and abandoning module CollectionManager (522)
[2018.01.29-03.02.51:216][110]LogDirectoryWatcher: A directory notification for 'C:/Users/William Blok/Desktop/ProjectoCuliao/Content/Collections/' was aborted.
[2018.01.29-03.02.51:216][110]LogDirectoryWatcher: A directory notification for 'C:/Users/William Blok/Desktop/ProjectoCuliao/Content/Developers/WilliamBlok/Collections/' was aborted.
[2018.01.29-03.02.51:216][110]LogDirectoryWatcher: A directory notification for 'C:/Users/William Blok/Desktop/ProjectoCuliao/Saved/Collections/' was aborted.
[2018.01.29-03.02.51:216][110]LogModuleManager: Shutting down and abandoning module StatsViewer (520)
[2018.01.29-03.02.51:216][110]LogModuleManager: Shutting down and abandoning module FoliageEdit (518)
[2018.01.29-03.02.51:216][110]LogModuleManager: Shutting down and abandoning module LandscapeEditor (516)
[2018.01.29-03.02.51:216][110]LogModuleManager: Shutting down and abandoning module MeshPaintMode (514)
[2018.01.29-03.02.51:216][110]LogModuleManager: Shutting down and abandoning module SceneDepthPickerMode (512)
[2018.01.29-03.02.51:216][110]LogModuleManager: Shutting down and abandoning module ActorPickerMode (510)
[2018.01.29-03.02.51:216][110]LogModuleManager: Shutting down and abandoning module GeometryMode (508)
[2018.01.29-03.02.51:216][110]LogModuleManager: Shutting down and abandoning module TextureAlignMode (506)
[2018.01.29-03.02.51:216][110]LogModuleManager: Shutting down and abandoning module BspMode (504)
[2018.01.29-03.02.51:216][110]LogModuleManager: Shutting down and abandoning module PIEPreviewDeviceProfileSelector (502)
[2018.01.29-03.02.51:216][110]LogModuleManager: Shutting down and abandoning module HardwareSurvey (500)
[2018.01.29-03.02.51:216][110]LogModuleManager: Shutting down and abandoning module SequenceRecorderSections (498)
[2018.01.29-03.02.51:216][110]LogModuleManager: Shutting down and abandoning module AutomationWorker (496)
[2018.01.29-03.02.51:216][110]LogModuleManager: Shutting down and abandoning module MatineeToLevelSequence (494)
[2018.01.29-03.02.51:216][110]LogModuleManager: Shutting down and abandoning module LevelSequenceEditor (492)
[2018.01.29-03.02.51:216][110]LogModuleManager: Shutting down and abandoning module PlacementMode (491)
[2018.01.29-03.02.51:216][110]LogModuleManager: Shutting down and abandoning module WmfMediaFactory (488)
[2018.01.29-03.02.51:216][110]LogModuleManager: Shutting down and abandoning module WmfMediaEditor (486)
[2018.01.29-03.02.51:216][110]LogModuleManager: Shutting down and abandoning module AvfMediaFactory (484)
[2018.01.29-03.02.51:216][110]LogModuleManager: Shutting down and abandoning module AvfMediaEditor (482)
[2018.01.29-03.02.51:216][110]LogModuleManager: Shutting down and abandoning module AndroidMediaFactory (480)
[2018.01.29-03.02.51:216][110]LogModuleManager: Shutting down and abandoning module Media (479)
[2018.01.29-03.02.51:217][110]LogModuleManager: Shutting down and abandoning module AndroidMediaEditor (476)
[2018.01.29-03.02.51:217][110]LogModuleManager: Shutting down and abandoning module CharacterAI (474)
[2018.01.29-03.02.51:217][110]LogModuleManager: Shutting down and abandoning module AudioCapture (472)
[2018.01.29-03.02.51:217][110]LogModuleManager: Shutting down and abandoning module SequenceRecorder (471)
[2018.01.29-03.02.51:217][110]LogModuleManager: Shutting down and abandoning module SmartSnapping (468)
[2018.01.29-03.02.51:217][110]LogModuleManager: Shutting down and abandoning module SessionServices (466)
[2018.01.29-03.02.51:217][110]LogModuleManager: Shutting down and abandoning module ViewportSnapping (464)
[2018.01.29-03.02.51:217][110]LogModuleManager: Shutting down and abandoning module ViewportInteraction (462)
[2018.01.29-03.02.51:217][110]LogModuleManager: Shutting down and abandoning module ClothPainter (460)
[2018.01.29-03.02.51:217][110]LogModuleManager: Shutting down and abandoning module LogVisualizer (458)
[2018.01.29-03.02.51:217][110]LogModuleManager: Shutting down and abandoning module IntroTutorials (456)
[2018.01.29-03.02.51:217][110]LogModuleManager: Shutting down and abandoning module GameProjectGeneration (455)
[2018.01.29-03.02.51:217][110]LogModuleManager: Shutting down and abandoning module IOSPlatformEditor (452)
[2018.01.29-03.02.51:217][110]LogModuleManager: Shutting down and abandoning module HTML5PlatformEditor (450)
[2018.01.29-03.02.51:217][110]LogModuleManager: Shutting down and abandoning module AndroidPlatformEditor (448)
[2018.01.29-03.02.51:217][110]LogModuleManager: Shutting down and abandoning module AndroidDeviceDetection (447)
[2018.01.29-03.02.51:558][110]LogModuleManager: Shutting down and abandoning module WindowsPlatformEditor (444)
[2018.01.29-03.02.51:558][110]LogModuleManager: Shutting down and abandoning module IOSRuntimeSettings (442)
[2018.01.29-03.02.51:558][110]LogModuleManager: Shutting down and abandoning module AndroidRuntimeSettings (440)
[2018.01.29-03.02.51:558][110]LogModuleManager: Shutting down and abandoning module InputBindingEditor (438)
[2018.01.29-03.02.51:558][110]LogModuleManager: Shutting down and abandoning module MergeActors (436)
[2018.01.29-03.02.51:558][110]LogModuleManager: Shutting down and abandoning module SizeMap (434)
[2018.01.29-03.02.51:558][110]LogModuleManager: Shutting down and abandoning module TreeMap (432)
[2018.01.29-03.02.51:558][110]LogModuleManager: Shutting down and abandoning module ReferenceViewer (430)
[2018.01.29-03.02.51:558][110]LogModuleManager: Shutting down and abandoning module LocalizationDashboard (428)
[2018.01.29-03.02.51:558][110]LogModuleManager: Shutting down and abandoning module LocalizationService (427)
[2018.01.29-03.02.51:558][110]LogModuleManager: Shutting down and abandoning module HardwareTargeting (424)
[2018.01.29-03.02.51:558][110]LogModuleManager: Shutting down and abandoning module DeviceProfileEditor (422)
[2018.01.29-03.02.51:559][110]LogModuleManager: Shutting down and abandoning module UndoHistory (420)
[2018.01.29-03.02.51:559][110]LogModuleManager: Shutting down and abandoning module XmlParser (418)
[2018.01.29-03.02.51:559][110]LogModuleManager: Shutting down and abandoning module Blutility (416)
[2018.01.29-03.02.51:559][110]LogModuleManager: Shutting down and abandoning module ProjectSettingsViewer (414)
[2018.01.29-03.02.51:559][110]LogModuleManager: Shutting down and abandoning module ProjectTargetPlatformEditor (413)
[2018.01.29-03.02.51:559][110]LogModuleManager: Shutting down and abandoning module EditorSettingsViewer (410)
[2018.01.29-03.02.51:559][110]LogModuleManager: Shutting down and abandoning module SettingsEditor (408)
[2018.01.29-03.02.51:559][110]LogModuleManager: Shutting down and abandoning module ProjectLauncher (406)
[2018.01.29-03.02.51:559][110]LogModuleManager: Shutting down and abandoning module SessionFrontend (404)
[2018.01.29-03.02.51:559][110]LogModuleManager: Shutting down and abandoning module ProfilerClient (402)
[2018.01.29-03.02.51:559][110]LogModuleManager: Shutting down and abandoning module DeviceManager (400)
[2018.01.29-03.02.51:559][110]LogModuleManager: Shutting down and abandoning module TargetDeviceServices (399)
[2018.01.29-03.02.51:612][110]LogModuleManager: Shutting down and abandoning module AutomationController (396)
[2018.01.29-03.02.51:612][110]LogModuleManager: Shutting down and abandoning module AutomationWindow (394)
[2018.01.29-03.02.51:612][110]LogModuleManager: Shutting down and abandoning module Layers (392)
[2018.01.29-03.02.51:612][110]LogModuleManager: Shutting down and abandoning module ComponentVisualizers (390)
[2018.01.29-03.02.51:612][110]LogModuleManager: Shutting down and abandoning module DetailCustomizations (388)
[2018.01.29-03.02.51:612][110]LogModuleManager: Shutting down and abandoning module PackagesDialog (386)
[2018.01.29-03.02.51:612][110]LogModuleManager: Shutting down and abandoning module Persona (384)
[2018.01.29-03.02.51:612][110]LogModuleManager: Shutting down and abandoning module AdvancedPreviewScene (383)
[2018.01.29-03.02.51:612][110]LogModuleManager: Shutting down and abandoning module AnimGraph (381)
[2018.01.29-03.02.51:612][110]LogModuleManager: Shutting down and abandoning module Kismet (378)
[2018.01.29-03.02.51:613][110]LogModuleManager: Shutting down and abandoning module ClassViewer (376)
[2018.01.29-03.02.51:613][110]LogModuleManager: Shutting down and abandoning module Toolbox (374)
[2018.01.29-03.02.51:613][110]LogModuleManager: Shutting down and abandoning module ModuleUI (372)
[2018.01.29-03.02.51:613][110]LogModuleManager: Shutting down and abandoning module MovieSceneTools (370)
[2018.01.29-03.02.51:613][110]LogModuleManager: Shutting down and abandoning module OutputLog (368)
[2018.01.29-03.02.51:613][110]LogModuleManager: Shutting down and abandoning module GammaUI (366)
[2018.01.29-03.02.51:613][110]LogModuleManager: Shutting down and abandoning module Documentation (364)
[2018.01.29-03.02.51:613][110]LogModuleManager: Shutting down and abandoning module MovieSceneTracks (362)
[2018.01.29-03.02.51:613][110]LogModuleManager: Shutting down and abandoning module MovieScene (360)
[2018.01.29-03.02.51:613][110]LogModuleManager: Shutting down and abandoning module Niagara (358)
[2018.01.29-03.02.51:613][110]LogModuleManager: Shutting down and abandoning module NiagaraEditor (357)
[2018.01.29-03.02.51:613][110]LogModuleManager: Shutting down and abandoning module StreamingPauseRendering (354)
[2018.01.29-03.02.51:613][110]LogModuleManager: Shutting down and abandoning module LauncherPlatform (352)
[2018.01.29-03.02.51:613][110]LogModuleManager: Shutting down and abandoning module AnalyticsET (350)
[2018.01.29-03.02.51:613][110]LogModuleManager: Shutting down and abandoning module PortalServices (348)
[2018.01.29-03.02.51:613][110]LogModuleManager: Shutting down and abandoning module PortalRpc (346)
[2018.01.29-03.02.51:613][110]LogModuleManager: Shutting down and abandoning module MessagingRpc (344)
[2018.01.29-03.02.51:613][110]LogModuleManager: Shutting down and abandoning module AIModule (342)
[2018.01.29-03.02.51:613][110]LogModuleManager: Shutting down and abandoning module GameplayDebugger (341)
[2018.01.29-03.02.51:613][110]LogModuleManager: Shutting down and abandoning module AITestSuite (339)
[2018.01.29-03.02.51:613][110]LogModuleManager: Shutting down and abandoning module ProfilerService (336)
[2018.01.29-03.02.51:728][110]LogModuleManager: Shutting down and abandoning module TaskGraph (334)
[2018.01.29-03.02.51:728][110]LogModuleManager: Shutting down and abandoning module SteamVRController (332)
[2018.01.29-03.02.51:728][110]LogModuleManager: Shutting down and abandoning module ProceduralMeshComponentEditor (330)
[2018.01.29-03.02.51:728][110]LogModuleManager: Shutting down and abandoning module ProceduralMeshComponent (328)
[2018.01.29-03.02.51:728][110]LogModuleManager: Shutting down and abandoning module OculusInput (326)
[2018.01.29-03.02.51:729][110]LogModuleManager: Shutting down and abandoning module MobilePatchingUtils (324)
[2018.01.29-03.02.51:729][110]LogModuleManager: Shutting down and abandoning module CustomMeshComponent (322)
[2018.01.29-03.02.51:729][110]LogModuleManager: Shutting down and abandoning module CableComponent (320)
[2018.01.29-03.02.51:729][110]LogModuleManager: Shutting down and abandoning module ArchVisCharacter (318)
[2018.01.29-03.02.51:729][110]LogModuleManager: Shutting down and abandoning module AndroidPermission (316)
[2018.01.29-03.02.51:729][110]LogModuleManager: Shutting down and abandoning module MediaPlayerEditor (312)
[2018.01.29-03.02.51:729][110]LogModuleManager: Shutting down and abandoning module RawInput (310)
[2018.01.29-03.02.51:729][110]LogModuleManager: Shutting down and abandoning module HTML5Networking (308)
[2018.01.29-03.02.51:729][110]LogModuleManager: Shutting down and abandoning module AlembicImporter (306)
[2018.01.29-03.02.51:729][110]LogModuleManager: Shutting down and abandoning module AlembicLibrary (305)
[2018.01.29-03.02.51:729][110]LogModuleManager: Shutting down and abandoning module GeometryCache (304)
[2018.01.29-03.02.51:729][110]LogModuleManager: Shutting down and abandoning module GeometryCacheEd (303)
[2018.01.29-03.02.51:729][110]LogModuleManager: Shutting down and abandoning module SpeedTreeImporter (298)
[2018.01.29-03.02.51:729][110]LogModuleManager: Shutting down and abandoning module PluginBrowser (296)
[2018.01.29-03.02.51:729][110]LogModuleManager: Shutting down and abandoning module MobileLauncherProfileWizard (294)
[2018.01.29-03.02.51:729][110]LogModuleManager: Shutting down and abandoning module VisualStudioSourceCodeAccess (292)
[2018.01.29-03.02.51:729][110]LogModuleManager: Shutting down and abandoning module DesktopPlatform (291)
[2018.01.29-03.02.51:729][110]LogModuleManager: Shutting down and abandoning module UObjectPlugin (288)
[2018.01.29-03.02.51:729][110]LogModuleManager: Shutting down and abandoning module SubversionSourceControl (286)
[2018.01.29-03.02.51:729][110]LogModuleManager: Shutting down and abandoning module PerforceSourceControl (284)
[2018.01.29-03.02.51:729][110]LogModuleManager: Shutting down and abandoning module GitSourceControl (282)
[2018.01.29-03.02.51:729][110]LogModuleManager: Shutting down and abandoning module SourceControl (281)
[2018.01.29-03.02.51:730][110]LogModuleManager: Shutting down and abandoning module LightPropagationVolumeEditor (278)
[2018.01.29-03.02.51:730][110]LogModuleManager: Shutting down and abandoning module PaperTiledImporter (276)
[2018.01.29-03.02.51:730][110]LogModuleManager: Shutting down and abandoning module PaperSpriteSheetImporter (274)
[2018.01.29-03.02.51:730][110]LogModuleManager: Shutting down and abandoning module Paper2DEditor (272)
[2018.01.29-03.02.51:730][110]LogModuleManager: Shutting down and abandoning module MeshPaint (271)
[2018.01.29-03.02.51:730][110]LogModuleManager: Shutting down and abandoning module LevelEditor (269)
[2018.01.29-03.02.51:731][110]LogModuleManager: Shutting down and abandoning module PixelInspectorModule (268)
[2018.01.29-03.02.51:731][110]LogModuleManager: Shutting down and abandoning module MainFrame (266)
[2018.01.29-03.02.51:731][110]LogModuleManager: Shutting down and abandoning module HotReload (265)
[2018.01.29-03.02.51:731][110]LogModuleManager: Shutting down and abandoning module RuntimePhysXCooking (260)
[2018.01.29-03.02.51:731][110]LogModuleManager: Shutting down and abandoning module PhysXVehiclesEditor (258)
[2018.01.29-03.02.51:732][110]LogModuleManager: Shutting down and abandoning module PhysXVehicles (256)
[2018.01.29-03.02.51:733][110]LogModuleManager: Shutting down and abandoning module OculusEditor (254)
[2018.01.29-03.02.51:733][110]LogModuleManager: Shutting down and abandoning module LocationServicesBPLibrary (252)
[2018.01.29-03.02.51:733][110]LogModuleManager: Shutting down and abandoning module ImmediatePhysicsEditor (250)
[2018.01.29-03.02.51:733][110]LogModuleManager: Shutting down and abandoning module ImmediatePhysics (248)
[2018.01.29-03.02.51:733][110]LogModuleManager: Shutting down and abandoning module UdpMessaging (246)
[2018.01.29-03.02.51:834][110]LogModuleManager: Shutting down and abandoning module TcpMessaging (244)
[2018.01.29-03.02.51:934][110]LogModuleManager: Shutting down and abandoning module GameplayTagsEditor (242)
[2018.01.29-03.02.51:934][110]LogModuleManager: Shutting down and abandoning module FacialAnimationEditor (240)
[2018.01.29-03.02.51:934][110]LogModuleManager: Shutting down and abandoning module FacialAnimation (238)
[2018.01.29-03.02.51:934][110]LogModuleManager: Shutting down and abandoning module AssetManagerEditor (236)
[2018.01.29-03.02.51:934][110]LogModuleManager: Shutting down and abandoning module GraphEditor (235)
[2018.01.29-03.02.51:934][110]LogModuleManager: Shutting down and abandoning module ContentBrowser (233)
[2018.01.29-03.02.51:937][110]LogModuleManager: Shutting down and abandoning module LightPropagationVolumeRuntime (230)
[2018.01.29-03.02.51:937][110]LogModuleManager: Shutting down and abandoning module Paper2D (228)
[2018.01.29-03.02.51:937][110]LogModuleManager: Shutting down and abandoning module WindowsMoviePlayer (226)
[2018.01.29-03.02.51:937][110]LogModuleManager: Shutting down and abandoning module WmfMedia (224)
[2018.01.29-03.02.51:943][110]LogModuleManager: Shutting down and abandoning module PacketHandler (222)
[2018.01.29-03.02.51:944][110]LogModuleManager: Shutting down and abandoning module ClothingSystemEditor (220)
[2018.01.29-03.02.51:944][110]LogModuleManager: Shutting down and abandoning module ClothingSystemRuntime (218)
[2018.01.29-03.02.51:944][110]LogModuleManager: Shutting down and abandoning module Overlay (216)
[2018.01.29-03.02.51:944][110]LogModuleManager: Shutting down and abandoning module OverlayEditor (215)
[2018.01.29-03.02.51:944][110]LogModuleManager: Shutting down and abandoning module MediaAssets (212)
[2018.01.29-03.02.51:944][110]LogModuleManager: Shutting down and abandoning module VREditor (210)
[2018.01.29-03.02.51:944][110]LogModuleManager: Shutting down and abandoning module StringTableEditor (208)
[2018.01.29-03.02.51:944][110]LogModuleManager: Shutting down and abandoning module GameplayTasksEditor (206)
[2018.01.29-03.02.51:945][110]LogModuleManager: Shutting down and abandoning module BehaviorTreeEditor (204)
[2018.01.29-03.02.51:945][110]LogModuleManager: Shutting down and abandoning module FunctionalTesting (202)
[2018.01.29-03.02.51:945][110]LogModuleManager: Shutting down and abandoning module CollisionAnalyzer (200)
[2018.01.29-03.02.51:945][110]LogModuleManager: Shutting down and abandoning module WorkspaceMenuStructure (199)
[2018.01.29-03.02.51:945][110]LogModuleManager: Shutting down and abandoning module UMG (196)
[2018.01.29-03.02.51:945][110]LogModuleManager: Shutting down and abandoning module UMGEditor (195)
[2018.01.29-03.02.51:945][110]LogModuleManager: Shutting down and abandoning module Sequencer (194)
[2018.01.29-03.02.51:945][110]LogModuleManager: Shutting down and abandoning module MessageLog (191)
[2018.01.29-03.02.51:946][110]LogModuleManager: Shutting down and abandoning module SlateReflector (186)
[2018.01.29-03.02.51:946][110]LogModuleManager: Shutting down and abandoning module Slate (184)
[2018.01.29-03.02.51:946][110]LogModuleManager: Shutting down and abandoning module EditorStyle (182)
[2018.01.29-03.02.51:959][110]LogModuleManager: Shutting down and abandoning module MRMesh (180)
[2018.01.29-03.02.51:960][110]LogModuleManager: Shutting down and abandoning module SourceCodeAccess (178)
[2018.01.29-03.02.51:960][110]LogModuleManager: Shutting down and abandoning module HeadMountedDisplay (176)
[2018.01.29-03.02.51:960][110]LogModuleManager: Shutting down and abandoning module XAudio2 (174)
[2018.01.29-03.02.51:960][110]LogModuleManager: Shutting down and abandoning module Networking (172)
[2018.01.29-03.02.51:960][110]LogModuleManager: Shutting down and abandoning module Core (168)
[2018.01.29-03.02.51:960][110]LogModuleManager: Shutting down and abandoning module KismetCompiler (164)
[2018.01.29-03.02.51:960][110]LogModuleManager: Shutting down and abandoning module LevelSequence (162)
[2018.01.29-03.02.51:960][110]LogModuleManager: Shutting down and abandoning module MeshUtilities (160)
[2018.01.29-03.02.51:960][110]LogModuleManager: Shutting down and abandoning module MeshMergeUtilities (159)
[2018.01.29-03.02.51:960][110]LogModuleManager: Shutting down and abandoning module MeshReductionInterface (158)
[2018.01.29-03.02.51:960][110]LogModuleManager: Shutting down and abandoning module SimplygonSwarm (157)
[2018.01.29-03.02.51:960][110]LogModuleManager: Shutting down and abandoning module SimplygonMeshReduction (155)
[2018.01.29-03.02.51:960][110]LogModuleManager: Shutting down and abandoning module QuadricMeshReduction (153)
[2018.01.29-03.02.51:961][110]LogModuleManager: Shutting down and abandoning module MaterialBaking (149)
[2018.01.29-03.02.51:961][110]LogModuleManager: Shutting down and abandoning module DirectoryWatcher (146)
[2018.01.29-03.02.51:963][110]LogModuleManager: Shutting down and abandoning module DerivedDataCache (144)
[2018.01.29-03.02.52:057][110]LogDerivedDataCache: Shutdown
[2018.01.29-03.02.52:057][110]LogModuleManager: Shutting down and abandoning module TargetPlatform (142)
[2018.01.29-03.02.52:057][110]LogModuleManager: Shutting down and abandoning module VulkanShaderFormat (141)
[2018.01.29-03.02.52:057][110]LogModuleManager: Shutting down and abandoning module ShaderFormatVectorVM (139)
[2018.01.29-03.02.52:058][110]LogModuleManager: Shutting down and abandoning module ShaderFormatOpenGL (137)
[2018.01.29-03.02.52:058][110]LogModuleManager: Shutting down and abandoning module ShaderFormatD3D (135)
[2018.01.29-03.02.52:058][110]LogModuleManager: Shutting down and abandoning module MetalShaderFormat (133)
[2018.01.29-03.02.52:058][110]LogModuleManager: Shutting down and abandoning module TextureFormatUncompressed (131)
[2018.01.29-03.02.52:058][110]LogModuleManager: Shutting down and abandoning module TextureFormatPVR (129)
[2018.01.29-03.02.52:058][110]LogModuleManager: Shutting down and abandoning module TextureFormatDXT (127)
[2018.01.29-03.02.52:058][110]LogModuleManager: Shutting down and abandoning module TextureFormatIntelISPCTexComp (125)
[2018.01.29-03.02.52:058][110]LogModuleManager: Shutting down and abandoning module TextureFormatASTC (123)
[2018.01.29-03.02.52:058][110]LogModuleManager: Shutting down and abandoning module ImageWrapper (122)
[2018.01.29-03.02.52:058][110]LogModuleManager: Shutting down and abandoning module TextureFormatAndroid (119)
[2018.01.29-03.02.52:058][110]LogModuleManager: Shutting down and abandoning module AudioFormatOpus (117)
[2018.01.29-03.02.52:058][110]LogModuleManager: Shutting down and abandoning module AudioFormatOgg (115)
[2018.01.29-03.02.52:058][110]LogModuleManager: Shutting down and abandoning module AudioFormatADPCM (113)
[2018.01.29-03.02.52:058][110]LogModuleManager: Shutting down and abandoning module LinuxTargetPlatform (111)
[2018.01.29-03.02.52:058][110]LogModuleManager: Shutting down and abandoning module LinuxServerTargetPlatform (109)
[2018.01.29-03.02.52:058][110]LogModuleManager: Shutting down and abandoning module LinuxNoEditorTargetPlatform (107)
[2018.01.29-03.02.52:058][110]LogModuleManager: Shutting down and abandoning module LinuxClientTargetPlatform (105)
[2018.01.29-03.02.52:058][110]LogModuleManager: Shutting down and abandoning module TVOSTargetPlatform (103)
[2018.01.29-03.02.52:058][110]LogModuleManager: Shutting down and abandoning module Messaging (101)
[2018.01.29-03.02.52:058][110]LogModuleManager: Shutting down and abandoning module IOSTargetPlatform (99)
[2018.01.29-03.02.52:058][110]LogModuleManager: Shutting down and abandoning module HTML5TargetPlatform (97)
[2018.01.29-03.02.52:058][110]LogModuleManager: Shutting down and abandoning module Android_PVRTCTargetPlatform (95)
[2018.01.29-03.02.52:058][110]LogModuleManager: Shutting down and abandoning module Android_MultiTargetPlatform (93)
[2018.01.29-03.02.52:058][110]LogModuleManager: Shutting down and abandoning module Android_ETC2TargetPlatform (91)
[2018.01.29-03.02.52:058][110]LogModuleManager: Shutting down and abandoning module Android_ETC1TargetPlatform (89)
[2018.01.29-03.02.52:058][110]LogModuleManager: Shutting down and abandoning module Android_DXTTargetPlatform (87)
[2018.01.29-03.02.52:059][110]LogModuleManager: Shutting down and abandoning module Android_ATCTargetPlatform (85)
[2018.01.29-03.02.52:059][110]LogModuleManager: Shutting down and abandoning module Android_ASTCTargetPlatform (83)
[2018.01.29-03.02.52:059][110]LogModuleManager: Shutting down and abandoning module AndroidTargetPlatform (81)
[2018.01.29-03.02.52:059][110]LogModuleManager: Shutting down and abandoning module WindowsTargetPlatform (79)
[2018.01.29-03.02.52:059][110]LogModuleManager: Shutting down and abandoning module WindowsServerTargetPlatform (77)
[2018.01.29-03.02.52:059][110]LogModuleManager: Shutting down and abandoning module WindowsNoEditorTargetPlatform (75)
[2018.01.29-03.02.52:059][110]LogModuleManager: Shutting down and abandoning module WindowsClientTargetPlatform (73)
[2018.01.29-03.02.52:059][110]LogModuleManager: Shutting down and abandoning module MacTargetPlatform (71)
[2018.01.29-03.02.52:059][110]LogModuleManager: Shutting down and abandoning module MacServerTargetPlatform (69)
[2018.01.29-03.02.52:059][110]LogModuleManager: Shutting down and abandoning module MacNoEditorTargetPlatform (67)
[2018.01.29-03.02.52:059][110]LogModuleManager: Shutting down and abandoning module MacClientTargetPlatform (65)
[2018.01.29-03.02.52:059][110]LogModuleManager: Shutting down and abandoning module AllDesktopTargetPlatform (63)
[2018.01.29-03.02.52:059][110]LogModuleManager: Shutting down and abandoning module InputCore (60)
[2018.01.29-03.02.52:059][110]LogModuleManager: Shutting down and abandoning module Settings (58)
[2018.01.29-03.02.52:059][110]LogModuleManager: Shutting down and abandoning module PhysXCooking (56)
[2018.01.29-03.02.52:059][110]LogModuleManager: Shutting down and abandoning module SteamVR (54)
[2018.01.29-03.02.52:059][110]LogModuleManager: Shutting down and abandoning module OculusHMD (52)
[2018.01.29-03.02.52:059][110]LogModuleManager: Shutting down and abandoning module ExampleDeviceProfileSelector (50)
[2018.01.29-03.02.52:059][110]LogModuleManager: Shutting down and abandoning module OnlineBlueprintSupport (48)
[2018.01.29-03.02.52:059][110]LogModuleManager: Shutting down and abandoning module OnlineSubsystem (44)
[2018.01.29-03.02.52:059][110]LogOnline: Display: Unloading online subsystem: NULL
[2018.01.29-03.02.52:059][110]LogModuleManager: Shutting down and abandoning module XMPP (43)
[2018.01.29-03.02.52:059][110]LogModuleManager: Shutting down and abandoning module HTTP (41)
[2018.01.29-03.02.52:059][110]LogHttp: Display: Http module shutting down, but needs to wait on 1 outstanding Http requests:
[2018.01.29-03.02.52:060][110]LogHttp: Display: 	verb=[POST] url=[https://datarouter.ol.epicgames.com/datarouter/api/v1/public/data?SessionID=%7B44F7389C-4206-8698-DCB5-B6B81ADACEEE%7D&AppID=UEEditor.Rocket.Release&AppVersion=4.17.2-3658906%2B%2B%2BUE4%2BRelease-4.17&UserID=272de67245f3ef0c9b6438ad0453cd40%7Cab285192a42947c48d1ac94c0bf97865%7C8d307bf9-370a-4258-9e0c-a312b5dd115e&AppEnvironment=datacollector-binary&UploadType=eteventstream] status=Processing
[2018.01.29-03.02.52:082][110]LogModuleManager: Shutting down and abandoning module SSL (40)
[2018.01.29-03.02.52:085][110]LogModuleManager: Shutting down and abandoning module AnimationModifiers (36)
[2018.01.29-03.02.52:085][110]LogModuleManager: Shutting down and abandoning module PropertyEditor (35)
[2018.01.29-03.02.52:085][110]LogModuleManager: Shutting down and abandoning module AudioEditor (32)
[2018.01.29-03.02.52:085][110]LogModuleManager: Shutting down and abandoning module TextureCompressor (30)
[2018.01.29-03.02.52:085][110]LogModuleManager: Shutting down and abandoning module ShaderCore (28)
[2018.01.29-03.02.52:085][110]LogModuleManager: Shutting down and abandoning module Landscape (26)
[2018.01.29-03.02.52:085][110]LogModuleManager: Shutting down and abandoning module SlateRHIRenderer (24)
[2018.01.29-03.02.52:087][110]LogModuleManager: Shutting down and abandoning module OpenGLDrv (22)
[2018.01.29-03.02.52:087][110]LogModuleManager: Shutting down and abandoning module D3D11RHI (20)
[2018.01.29-03.02.52:087][110]LogModuleManager: Shutting down and abandoning module AnimGraphRuntime (18)
[2018.01.29-03.02.52:087][110]LogModuleManager: Shutting down and abandoning module Renderer (16)
[2018.01.29-03.02.52:087][110]LogModuleManager: Shutting down and abandoning module Engine (14)
[2018.01.29-03.02.52:087][110]LogModuleManager: Shutting down and abandoning module CoreUObject (12)
[2018.01.29-03.02.52:087][110]LogModuleManager: Shutting down and abandoning module NetworkFile (10)
[2018.01.29-03.02.52:087][110]LogModuleManager: Shutting down and abandoning module CookedIterativeFile (8)
[2018.01.29-03.02.52:087][110]LogModuleManager: Shutting down and abandoning module StreamingFile (6)
[2018.01.29-03.02.52:087][110]LogModuleManager: Shutting down and abandoning module SandboxFile (4)
[2018.01.29-03.02.52:087][110]LogModuleManager: Shutting down and abandoning module PakFile (2)
[2018.01.29-03.02.52:092][110]LogExit: Exiting.
[2018.01.29-03.02.52:110][110]Log file closed, 01/28/18 21:02:52
