Log file open, 01/24/18 18:26:36
LogWindows: Failed to load 'aqProf.dll' (GetLastError=126)
LogWindows: File 'aqProf.dll' does not exist
LogWindows: Failed to load 'VSPerf140.dll' (GetLastError=126)
LogWindows: File 'VSPerf140.dll' does not exist
LogWindows: Failed to load 'VtuneApi.dll' (GetLastError=126)
LogWindows: File 'VtuneApi.dll' does not exist
LogWindows: Failed to load 'VtuneApi32e.dll' (GetLastError=126)
LogWindows: File 'VtuneApi32e.dll' does not exist
LogInit: Display: Running engine for game: Team4FlashHack
LogPlatformFile: Not using cached read wrapper
LogInit: Display: RandInit(-651272768) SRandInit(-651272768).
LogTaskGraph: Started task graph with 5 named threads and 14 total threads with 3 sets of task threads.
LogStats: Stats thread started at 0.194431
LogD3D11RHI: Aftermath initialized
LogPluginManager: Mounting plugin Paper2D
LogPluginManager: Mounting plugin LightPropagationVolume
LogPluginManager: Mounting plugin CodeLiteSourceCodeAccess
LogPluginManager: Mounting plugin GitSourceControl
LogPluginManager: Mounting plugin KDevelopSourceCodeAccess
LogPluginManager: Mounting plugin NullSourceCodeAccess
LogPluginManager: Mounting plugin PerforceSourceControl
LogPluginManager: Mounting plugin SubversionSourceControl
LogPluginManager: Mounting plugin UObjectPlugin
LogPluginManager: Mounting plugin VisualStudioSourceCodeAccess
LogPluginManager: Mounting plugin XCodeSourceCodeAccess
LogPluginManager: Mounting plugin AssetManagerEditor
LogPluginManager: Mounting plugin AudioCapture
LogPluginManager: Mounting plugin FacialAnimation
LogPluginManager: Mounting plugin GameplayTagsEditor
LogPluginManager: Mounting plugin MobileLauncherProfileWizard
LogPluginManager: Mounting plugin PluginBrowser
LogPluginManager: Mounting plugin SpeedTreeImporter
LogPluginManager: Mounting plugin AlembicImporter
LogPluginManager: Mounting plugin CharacterAI
LogPluginManager: Mounting plugin HTML5Networking
LogPluginManager: Mounting plugin RawInput
LogPluginManager: Mounting plugin AndroidMedia
LogPluginManager: Mounting plugin AvfMedia
LogPluginManager: Mounting plugin MediaPlayerEditor
LogPluginManager: Mounting plugin WmfMedia
LogPluginManager: Mounting plugin TcpMessaging
LogPluginManager: Mounting plugin UdpMessaging
LogPluginManager: Mounting plugin LevelSequenceEditor
LogPluginManager: Mounting plugin MatineeToLevelSequence
LogPluginManager: Mounting plugin OnlineSubsystemGooglePlay
LogPluginManager: Mounting plugin OnlineSubsystemIOS
LogPluginManager: Mounting plugin OnlineSubsystem
LogPluginManager: Mounting plugin OnlineSubsystemNull
LogPluginManager: Mounting plugin OnlineSubsystemUtils
LogPluginManager: Mounting plugin AndroidDeviceProfileSelector
LogPluginManager: Mounting plugin AndroidMoviePlayer
LogPluginManager: Mounting plugin AndroidPermission
LogPluginManager: Mounting plugin AppleMoviePlayer
LogPluginManager: Mounting plugin ArchVisCharacter
LogPluginManager: Mounting plugin CableComponent
LogPluginManager: Mounting plugin CustomMeshComponent
LogPluginManager: Mounting plugin ExampleDeviceProfileSelector
LogPluginManager: Mounting plugin GoogleCloudMessaging
LogPluginManager: Mounting plugin ImmediatePhysics
LogPluginManager: Mounting plugin IOSDeviceProfileSelector
LogPluginManager: Mounting plugin LinuxDeviceProfileSelector
LogPluginManager: Mounting plugin LocationServicesBPLibrary
LogPluginManager: Mounting plugin MobilePatchingUtils
LogPluginManager: Mounting plugin OculusVR
LogPluginManager: Mounting plugin PhysXVehicles
LogPluginManager: Mounting plugin ProceduralMeshComponent
LogPluginManager: Mounting plugin RuntimePhysXCooking
LogPluginManager: Mounting plugin SteamVR
LogPluginManager: Mounting plugin WindowsMoviePlayer
LogInit: Using libcurl 7.47.1
LogInit:  - built for x86_64-pc-win32
LogInit:  - supports SSL with OpenSSL/1.0.2g
LogInit:  - supports HTTP deflate (compression) using libz 1.2.8
LogInit:  - other features:
LogInit:      CURL_VERSION_SSL
LogInit:      CURL_VERSION_LIBZ
LogInit:      CURL_VERSION_IPV6
LogInit:      CURL_VERSION_ASYNCHDNS
LogInit:      CURL_VERSION_LARGEFILE
LogInit:      CURL_VERSION_IDN
LogInit:  CurlRequestOptions (configurable via config and command line):
LogInit:  - bVerifyPeer = false  - Libcurl will NOT verify peer certificate
LogInit:  - bUseHttpProxy = false  - Libcurl will NOT use HTTP proxy
LogInit:  - bDontReuseConnections = false  - Libcurl will reuse connections
LogInit:  - CertBundlePath = nullptr  - Libcurl will use whatever was configured at build time.
LogInit: Build: ++UE4+Release-4.17-CL-3658906
LogInit: Engine Version: 4.17.2-3658906+++UE4+Release-4.17
LogInit: Compatible Engine Version: 4.17.0-3573198+++UE4+Release-4.17
LogInit: Net CL: 3573198
LogDevObjectVersion: Number of dev versions registered: 16
LogDevObjectVersion:   Dev-Blueprints (B0D832E4-1F89-4F0D-ACCF-7EB736FD4AA2): 10
LogDevObjectVersion:   Dev-Build (E1C64328-A22C-4D53-A36C-8E866417BD8C): 0
LogDevObjectVersion:   Dev-Core (375EC13C-06E4-48FB-B500-84F0262A717E): 2
LogDevObjectVersion:   Dev-Editor (E4B068ED-F494-42E9-A231-DA0B2E46BB41): 20
LogDevObjectVersion:   Dev-Framework (CFFC743F-43B0-4480-9391-14DF171D2073): 28
LogDevObjectVersion:   Dev-Mobile (B02B49B5-BB20-44E9-A304-32B752E40360): 0
LogDevObjectVersion:   Dev-Networking (A4E4105C-59A1-49B5-A7C5-40C4547EDFEE): 0
LogDevObjectVersion:   Dev-Online (39C831C9-5AE6-47DC-9A44-9C173E1C8E7C): 0
LogDevObjectVersion:   Dev-Physics (78F01B33-EBEA-4F98-B9B4-84EACCB95AA2): 0
LogDevObjectVersion:   Dev-Platform (6631380F-2D4D-43E0-8009-CF276956A95A): 0
LogDevObjectVersion:   Dev-Rendering (12F88B9F-8875-4AFC-A67C-D90C383ABD29): 19
LogDevObjectVersion:   Dev-Sequencer (7B5AE74C-D270-4C10-A958-57980B212A5A): 4
LogDevObjectVersion:   Dev-VR (D7296918-1DD6-4BDD-9DE2-64A83CC13884): 0
LogDevObjectVersion:   Dev-LoadTimes (C2A15278-BFE7-4AFE-6C17-90FF531DF755): 1
LogDevObjectVersion:   Private-Geometry (6EACA3D4-40EC-4CC1-B786-8BED09428FC5): 1
LogDevObjectVersion:   Dev-AnimPhys (29E575DD-E0A3-4627-9D10-D276232CDCEA): 7
LogInit: Compiled (64-bit): Sep 22 2017 13:47:16
LogInit: Compiled with Visual C++: 19.00.24215.01
LogInit: Build Configuration: Development
LogInit: Branch Name: ++UE4+Release-4.17
LogInit: Command line: -EpicPortal 
LogInit: Base directory: C:/Program Files/Epic Games/UE_4.17/Engine/Binaries/Win64/
LogInit: Installed Engine Build: 1
LogInit: Presizing for max 8388607 objects, including 0 objects not considered by GC, pre-allocating 0 bytes for permanent pool.
LogInit: Object subsystem initialized
[2018.01.25-00.26.37:322][  0]LogInit: Selected Device Profile: [Windows]
[2018.01.25-00.26.37:322][  0]LogInit: Applying CVar settings loaded from the selected device profile: [Windows]
[2018.01.25-00.26.37:344][  0]LogInit: Computer: WILLIAMBLOK
[2018.01.25-00.26.37:344][  0]LogInit: User: WilliamBlok
[2018.01.25-00.26.37:344][  0]LogInit: CPU Page size=4096, Cores=4
[2018.01.25-00.26.37:344][  0]LogInit: High frequency timer resolution =2.742187 MHz
[2018.01.25-00.26.37:344][  0]LogMemory: Memory total: Physical=31.9GB (32GB approx)
[2018.01.25-00.26.37:344][  0]LogMemory: Platform Memory Stats for Windows
[2018.01.25-00.26.37:344][  0]LogMemory: Process Physical Memory: 281.04 MB used, 281.04 MB peak
[2018.01.25-00.26.37:344][  0]LogMemory: Process Virtual Memory: 282.21 MB used, 282.21 MB peak
[2018.01.25-00.26.37:344][  0]LogMemory: Physical Memory: 8360.73 MB used,  24280.26 MB free, 32640.98 MB total
[2018.01.25-00.26.37:344][  0]LogMemory: Virtual Memory: 715.46 MB used,  24280.26 MB free, 134217728.00 MB total
[2018.01.25-00.26.38:175][  0]LogInit: Using OS detected language (en-US).
[2018.01.25-00.26.38:175][  0]LogInit: Using OS detected locale (en-US).
[2018.01.25-00.26.38:185][  0]LogTextLocalizationManager: No specific localization for 'en-US' exists, so the 'en' localization will be used.
[2018.01.25-00.26.39:133][  0]LogD3D11RHI: D3D11 adapters:
[2018.01.25-00.26.39:190][  0]LogD3D11RHI:    0. 'NVIDIA GeForce GTX 1070' (Feature Level 11_0)
[2018.01.25-00.26.39:190][  0]LogD3D11RHI:       8074/0/16320 MB DedicatedVideo/DedicatedSystem/SharedSystem, Outputs:1, VendorId:0x10de
[2018.01.25-00.26.39:201][  0]LogD3D11RHI:    1. 'Intel(R) HD Graphics 630' (Feature Level 11_0)
[2018.01.25-00.26.39:201][  0]LogD3D11RHI:       128/0/16320 MB DedicatedVideo/DedicatedSystem/SharedSystem, Outputs:0, VendorId:0x8086
[2018.01.25-00.26.39:203][  0]LogD3D11RHI:    2. 'Microsoft Basic Render Driver' (Feature Level 11_0)
[2018.01.25-00.26.39:203][  0]LogD3D11RHI:       0/0/16320 MB DedicatedVideo/DedicatedSystem/SharedSystem, Outputs:0, VendorId:0x1414
[2018.01.25-00.26.39:203][  0]LogD3D11RHI: Chosen D3D11 Adapter: 0
[2018.01.25-00.26.39:213][  0]LogD3D11RHI: Creating new Direct3DDevice
[2018.01.25-00.26.39:213][  0]LogD3D11RHI:     GPU DeviceId: 0x1ba1 (for the marketing name, search the web for "GPU Device Id")
[2018.01.25-00.26.39:213][  0]LogWindows: EnumDisplayDevices:
[2018.01.25-00.26.39:213][  0]LogWindows:    0. 'Intel(R) HD Graphics 630' (P:1 D:1)
[2018.01.25-00.26.39:213][  0]LogWindows:    1. 'Intel(R) HD Graphics 630' (P:0 D:0)
[2018.01.25-00.26.39:213][  0]LogWindows:    2. 'Intel(R) HD Graphics 630' (P:0 D:0)
[2018.01.25-00.26.39:214][  0]LogWindows:    3. 'NVIDIA GeForce GTX 1070' (P:0 D:0)
[2018.01.25-00.26.39:214][  0]LogWindows:    4. 'NVIDIA GeForce GTX 1070' (P:0 D:0)
[2018.01.25-00.26.39:214][  0]LogWindows:    5. 'NVIDIA GeForce GTX 1070' (P:0 D:0)
[2018.01.25-00.26.39:214][  0]LogWindows:    6. 'NVIDIA GeForce GTX 1070' (P:0 D:0)
[2018.01.25-00.26.39:214][  0]LogWindows: DebugString: GetVideoDriverDetailsInvalid PrimaryIsNotTheChoosenAdapter GetVideoDriverDetailsInvalid PrimaryIsNotTheChoosenAdapter GetVideoDriverDetailsInvalid PrimaryIsNotTheChoosenAdapter GetVideoDriverDetailsInvalid PrimaryIsNotTheChoosenAdapter GetVideoDriverDetailsInvalid PrimaryIsNotTheChoosenAdapter GetVideoDriverDetailsInvalid PrimaryIsNotTheChoosenAdapter GetVideoDriverDetailsInvalid PrimaryIsNotTheChoosenAdapter FoundDriverCount:0 
[2018.01.25-00.26.39:214][  0]LogD3D11RHI:     Adapter Name: NVIDIA GeForce GTX 1070
[2018.01.25-00.26.39:214][  0]LogD3D11RHI:   Driver Version: Unknown (internal:Unknown, unified:Unknown)
[2018.01.25-00.26.39:214][  0]LogD3D11RHI:      Driver Date: Unknown
[2018.01.25-00.26.39:214][  0]LogRHI: Texture pool is 1361 MB (70% of 1945 MB)
[2018.01.25-00.26.39:243][  0]LogD3D11RHI: Async texture creation enabled
[2018.01.25-00.26.39:255][  0]LogD3D11RHI: GPU Timing Frequency: 1000.000000 (Debug: 2 1)
[2018.01.25-00.26.39:256][  0]LogShaderCompilers: Guid format shader working directory is 25 characters bigger than the processId version (D:/VergasUE4/Team4FlashHack/Intermediate/Shaders/WorkingDirectory/12464/).
[2018.01.25-00.26.39:256][  0]LogShaderCompilers: Cleaned the shader compiler working directory 'C:/Users/William Blok/AppData/Local/Temp/UnrealShaderWorkingDir/626C4C9D460EEA16172D27894DF396CE/'.
[2018.01.25-00.26.39:256][  0]LogShaderCompilers: Display: Using Local Shader Compiler.
[2018.01.25-00.26.40:442][  0]LogTemp: Display: Loaded TP AllDesktopTargetPlatform
[2018.01.25-00.26.40:512][  0]LogTemp: Display: Loaded TP MacClientTargetPlatform
[2018.01.25-00.26.40:572][  0]LogTemp: Display: Loaded TP MacNoEditorTargetPlatform
[2018.01.25-00.26.40:647][  0]LogTemp: Display: Loaded TP MacServerTargetPlatform
[2018.01.25-00.26.40:722][  0]LogTemp: Display: Loaded TP MacTargetPlatform
[2018.01.25-00.26.40:804][  0]LogTemp: Display: Loaded TP WindowsClientTargetPlatform
[2018.01.25-00.26.40:875][  0]LogTemp: Display: Loaded TP WindowsNoEditorTargetPlatform
[2018.01.25-00.26.40:941][  0]LogTemp: Display: Loaded TP WindowsServerTargetPlatform
[2018.01.25-00.26.41:000][  0]LogTemp: Display: Loaded TP WindowsTargetPlatform
[2018.01.25-00.26.41:064][  0]LogTemp: Display: Loaded TP AndroidTargetPlatform
[2018.01.25-00.26.41:120][  0]LogTemp: Display: Loaded TP Android_ASTCTargetPlatform
[2018.01.25-00.26.41:233][  0]LogTemp: Display: Loaded TP Android_ATCTargetPlatform
[2018.01.25-00.26.41:318][  0]LogTemp: Display: Loaded TP Android_DXTTargetPlatform
[2018.01.25-00.26.41:376][  0]LogTemp: Display: Loaded TP Android_ETC1TargetPlatform
[2018.01.25-00.26.41:435][  0]LogTemp: Display: Loaded TP Android_ETC2TargetPlatform
[2018.01.25-00.26.41:569][  0]LogTemp: Display: Loaded TP Android_MultiTargetPlatform
[2018.01.25-00.26.41:569][  0]LogTemp: Display: Loaded TP Android_PVRTCTargetPlatform
[2018.01.25-00.26.41:619][  0]LogTemp: Display: Loaded TP HTML5TargetPlatform
[2018.01.25-00.26.41:724][  0]LogTemp: Display: Loaded TP IOSTargetPlatform
[2018.01.25-00.26.41:796][  0]LogTemp: Display: Loaded TP TVOSTargetPlatform
[2018.01.25-00.26.41:857][  0]LogTemp: Display: Loaded TP LinuxClientTargetPlatform
[2018.01.25-00.26.41:932][  0]LogTemp: Display: Loaded TP LinuxNoEditorTargetPlatform
[2018.01.25-00.26.42:020][  0]LogTemp: Display: Loaded TP LinuxServerTargetPlatform
[2018.01.25-00.26.42:080][  0]LogTemp: Display: Loaded TP LinuxTargetPlatform
[2018.01.25-00.26.42:080][  0]LogTargetPlatformManager: Display: Building Assets For Windows
[2018.01.25-00.26.42:723][  0]LogDerivedDataCache: Display: Max Cache Size: 512 MB
[2018.01.25-00.26.42:813][  0]LogDerivedDataCache: Loaded boot cache 0.09s 93MB C:/Users/William Blok/AppData/Local/UnrealEngine/4.17/DerivedDataCache/Boot.ddc.
[2018.01.25-00.26.42:813][  0]LogDerivedDataCache: Display: Loaded Boot cache: C:/Users/William Blok/AppData/Local/UnrealEngine/4.17/DerivedDataCache/Boot.ddc
[2018.01.25-00.26.42:813][  0]LogDerivedDataCache: FDerivedDataBackendGraph:  Pak pak cache file D:/VergasUE4/Team4FlashHack/DerivedDataCache/DDC.ddp not found, will not use a pak cache.
[2018.01.25-00.26.42:813][  0]LogDerivedDataCache: Unable to find inner node Pak for hierarchical cache Hierarchy.
[2018.01.25-00.26.42:813][  0]LogDerivedDataCache: FDerivedDataBackendGraph:  CompressedPak pak cache file D:/VergasUE4/Team4FlashHack/DerivedDataCache/Compressed.ddp not found, will not use a pak cache.
[2018.01.25-00.26.42:813][  0]LogDerivedDataCache: Unable to find inner node CompressedPak for hierarchical cache Hierarchy.
[2018.01.25-00.26.42:831][  0]LogDerivedDataCache: Display: Pak cache opened for reading ../../../Engine/DerivedDataCache/Compressed.ddp.
[2018.01.25-00.26.42:843][  0]LogDerivedDataCache: Using Local data cache path C:/Users/William Blok/AppData/Local/UnrealEngine/Common/DerivedDataCache: Writable
[2018.01.25-00.26.42:858][  0]LogMaterial: Verifying Global Shaders for PCD3D_SM5
[2018.01.25-00.26.42:858][  0]LogSlate: Using Freetype 2.6.0
[2018.01.25-00.26.42:859][  0]LogSlate: SlateFontCache - WITH_FREETYPE: 1, WITH_HARFBUZZ: 1
[2018.01.25-00.26.42:859][  0]LogSlate: SlateFontCache - WITH_FREETYPE: 1, WITH_HARFBUZZ: 1
[2018.01.25-00.26.43:190][  0]LogAssetRegistry: FAssetRegistry took 0.0261 seconds to start up
[2018.01.25-00.26.43:321][  0]LogInit: Selected Device Profile: [Windows]
[2018.01.25-00.26.43:516][  0]LogContentStreaming: Texture pool size is 0.00 MB
[2018.01.25-00.26.43:904][  0]LogSimplygon: Simplygon DLL not present - disabling.
[2018.01.25-00.26.43:950][  0]LogMeshReduction: Using SimplygonSwarm for distributed automatic mesh merging
[2018.01.25-00.26.43:950][  0]LogMeshReduction: Using QuadricMeshReduction for automatic static mesh reduction
[2018.01.25-00.26.43:950][  0]LogMeshReduction: No automatic skeletal mesh reduction module available
[2018.01.25-00.26.43:950][  0]LogMeshReduction: No automatic mesh merging module available
[2018.01.25-00.26.43:950][  0]LogMeshMerging: No automatic mesh merging module available
[2018.01.25-00.26.44:435][  0]LogNetVersion: Team4FlashHack , NetCL: 3573198, EngineNetVer: 2, GameNetVer: 0 (Checksum: 236128511)
[2018.01.25-00.26.44:757][  0]LogPackageLocalizationCache: Processed 5 localized package path(s) for 2 prioritized culture(s) in 0.049235 seconds
[2018.01.25-00.26.44:764][  0]LogUObjectArray: 35825 objects as part of root set at end of initial load.
[2018.01.25-00.26.44:764][  0]LogUObjectAllocator: 7529104 out of 0 bytes used by permanent object pool.
[2018.01.25-00.26.44:764][  0]LogUObjectArray: CloseDisregardForGC: 0/0 objects in disregard for GC pool
[2018.01.25-00.26.44:836][  0]LogInit: WinSock: version 1.1 (2.2), MaxSocks=32767, MaxUdp=65467
[2018.01.25-00.26.48:237][  0]LogTcpMessaging: Initializing TcpMessaging bridge
[2018.01.25-00.26.48:282][  0]LogUdpMessaging: Initializing bridge on interface 0.0.0.0:0 to multicast group 230.0.0.1:6666.
[2018.01.25-00.26.49:101][  0]LogMaterial: Uniform references updated for custom material expression Custom.
[2018.01.25-00.26.49:725][  0]SourceControl: Source control is disabled
[2018.01.25-00.26.49:725][  0]SourceControl: Source control is disabled
[2018.01.25-00.26.49:779][  0]SourceControl: Source control is disabled
[2018.01.25-00.26.49:838][  0]SourceControl: Source control is disabled
[2018.01.25-00.26.50:646][  0]LogAndroidPermission: UAndroidPermissionCallbackProxy::GetInstance
[2018.01.25-00.26.50:985][  0]LogOcInput: OculusInput pre-init called
[2018.01.25-00.26.51:332][  0]LogEngine: Initializing Engine...
[2018.01.25-00.26.51:335][  0]LogHMD: Failed to initialize OpenVR with code 110
[2018.01.25-00.26.51:667][  0]LogStats: UGameplayTagsManager::ConstructGameplayTagTree: Construct from data asset -  0.000 s
[2018.01.25-00.26.51:667][  0]LogStats: UGameplayTagsManager::ConstructGameplayTagTree: GameplayTagTreeChangedEvent.Broadcast -  0.000 s
[2018.01.25-00.26.51:856][  0]LogAIModule: Creating AISystem for world Untitled
[2018.01.25-00.26.51:874][  0]LogInit: XAudio2 using 'Speakers / Headphones (Realtek Audio)' : 6 channels at 48 kHz using 32 bits per sample (channel mask 0x3f)
[2018.01.25-00.26.53:044][  0]LogInit: FAudioDevice initialized.
[2018.01.25-00.26.53:224][  0]LogDerivedDataCache: Saved boot cache 0.18s 93MB C:/Users/William Blok/AppData/Local/UnrealEngine/4.17/DerivedDataCache/Boot.ddc.
[2018.01.25-00.26.53:261][  0]LogInit: Texture streaming: Enabled
[2018.01.25-00.26.53:414][  0]LogEngineSessionManager: EngineSessionManager initialized
[2018.01.25-00.26.53:736][  0]LogInit: Transaction tracking system initialized
[2018.01.25-00.26.54:192][  0]BlueprintLog: New page: Editor Load
[2018.01.25-00.26.55:467][  0]LocalizationService: Localization service is disabled
[2018.01.25-00.26.56:337][  0]LogConsoleResponse: Display: 
[2018.01.25-00.26.56:553][  0]LogCook: Display: Max memory allowance for cook 16384mb min free memory 0mb
[2018.01.25-00.26.56:553][  0]LogCook: Display: Mobile HDR setting 1
[2018.01.25-00.26.56:553][  0]LogGameplayTags: Display: UGameplayTagsManager::DoneAddingNativeTags. DelegateIsBound: 0
[2018.01.25-00.26.57:284][  0]LogFileCache: Scanning file cache for directory 'D:/VergasUE4/Team4FlashHack/Content/' took 0.01s
[2018.01.25-00.26.57:854][  0]SourceControl: Source control is disabled
[2018.01.25-00.26.57:854][  0]Cmd: MAP LOAD FILE="D:/VergasUE4/Team4FlashHack/Content/VehicleBP/Maps/VehicleExampleMap.umap" TEMPLATE=0 SHOWPROGRESS=1 FEATURELEVEL=3
[2018.01.25-00.26.57:860][  0]LightingResults: New page: Lighting Build
[2018.01.25-00.26.57:927][  0]MapCheck: New page: Map Check
[2018.01.25-00.26.57:927][  0]LightingResults: New page: Lighting Build
[2018.01.25-00.27.00:381][  0]LogAIModule: Creating AISystem for world VehicleExampleMap
[2018.01.25-00.27.04:496][  0]LogEditorServer: Finished looking for orphan Actors (0.000 secs)
[2018.01.25-00.27.04:605][  0]Cmd: MAP CHECKDEP NOCLEARLOG
[2018.01.25-00.27.04:674][  0]MapCheck: Map check complete: 0 Error(s), 0 Warning(s), took 68.602ms to complete.
[2018.01.25-00.27.04:674][  0]LogFileHelpers: Loading map 'VehicleExampleMap' took 6.820
[2018.01.25-00.27.04:962][  0]LogCollectionManager: Loaded 0 collections in 0.001617 seconds
[2018.01.25-00.27.05:054][  0]LogFileCache: Scanning file cache for directory 'D:/VergasUE4/Team4FlashHack/Saved/Collections/' took 0.01s
[2018.01.25-00.27.05:054][  0]LogFileCache: Scanning file cache for directory 'D:/VergasUE4/Team4FlashHack/Content/Developers/WilliamBlok/Collections/' took 0.01s
[2018.01.25-00.27.05:054][  0]LogFileCache: Scanning file cache for directory 'D:/VergasUE4/Team4FlashHack/Content/Collections/' took 0.01s
[2018.01.25-00.27.05:054][  0]LogCollectionManager: Rebuilt the GUID cache for 0 collections in 0.000001 seconds
[2018.01.25-00.27.05:064][  0]LogContentBrowser: Native class hierarchy populated in 0.0096 seconds. Added 2388 classes and 503 folders.
[2018.01.25-00.27.05:196][  0]LogContentBrowser: Native class hierarchy updated for 'WidgetCarousel' in 0.0007 seconds. Added 0 classes and 0 folders.
[2018.01.25-00.27.05:237][  0]LogContentBrowser: Native class hierarchy updated for 'AddContentDialog' in 0.0006 seconds. Added 0 classes and 0 folders.
[2018.01.25-00.27.05:337][  0]LogContentBrowser: Native class hierarchy updated for 'SceneOutliner' in 0.0016 seconds. Added 1 classes and 2 folders.
[2018.01.25-00.27.05:398][  0]LogSlate: Took 0.000468 seconds to synchronously load lazily loaded font '../../../Engine/Content/Slate/Fonts/Roboto-Regular.ttf' (155K)
[2018.01.25-00.27.05:403][  0]LogSlate: Took 0.000481 seconds to synchronously load lazily loaded font '../../../Engine/Content/Slate/Fonts/Roboto-Bold.ttf' (160K)
[2018.01.25-00.27.05:416][  0]LogSlate: Took 0.000482 seconds to synchronously load lazily loaded font '../../../Engine/Content/Editor/Slate/Fonts/FontAwesome.ttf' (139K)
[2018.01.25-00.27.05:589][  0]LogRenderer: Reallocating scene render targets to support 1208x628 Format 10 NumSamples 1 (Frame:1).
[2018.01.25-00.27.05:815][  0]LogContentBrowser: Native class hierarchy updated for 'HierarchicalLODOutliner' in 0.0010 seconds. Added 1 classes and 2 folders.
[2018.01.25-00.27.05:815][  0]LogLoad: (Engine Initialization) Total time: 30.72 seconds
[2018.01.25-00.27.05:815][  0]LogLoad: (Engine Initialization) Total Blueprint compile time: 0.00 seconds
[2018.01.25-00.27.05:815][  0]LogExternalProfiler: No external profilers were discovered.  External profiling features will not be available.
[2018.01.25-00.27.05:833][  0]LogWindowsTextInputMethodSystem: Display: IME system now deactivated.
[2018.01.25-00.27.05:835][  0]LogRawInputWindows: Warning: Found device 0 devices
[2018.01.25-00.27.05:835][  0]LogRawInputWindows: Warning: Found device 0 devices
[2018.01.25-00.27.05:835][  0]LogRawInputWindows: Warning: Device was registered succesfully but not connected (Usage:4 UsagePage:1
[2018.01.25-00.27.05:836][  0]LogRawInputWindows: Warning: Found device 1 devices
[2018.01.25-00.27.05:836][  0]LogRawInputWindows: Warning: Device was registered succesfully but not connected (Usage:5 UsagePage:1
[2018.01.25-00.27.05:855][  0]LogContentStreaming: Texture pool size now 1000 MB
[2018.01.25-00.27.05:898][  0]LogSlate: Took 0.000204 seconds to synchronously load lazily loaded font '../../../Engine/Content/Slate/Fonts/Roboto-Light.ttf' (159K)
[2018.01.25-00.27.05:913][  1]LogAssetRegistry: Asset discovery search completed in 22.7457 seconds
[2018.01.25-00.27.05:915][  1]LogCollectionManager: Rebuilt the object cache for 0 collections in 0.000000 seconds (found 0 objects)
[2018.01.25-00.27.05:916][  1]LogCollectionManager: Fixed up redirectors for 0 collections in 0.000061 seconds (updated 0 objects)
[2018.01.25-01.40.16:939][851]LogHttp: Warning: 0000015CC4764280: request failed, libcurl error: 6 (Couldn't resolve host name)
[2018.01.25-01.40.16:939][851]LogHttp: Warning: 0000015CC4764280: libcurl info message cache 0 (Connection 24 seems to be dead!)
[2018.01.25-01.40.16:939][851]LogHttp: Warning: 0000015CC4764280: libcurl info message cache 1 (Closing connection 24)
[2018.01.25-01.40.16:939][851]LogHttp: Warning: 0000015CC4764280: libcurl info message cache 2 (TLSv1.2 (OUT), TLS alert, Client hello (1):)
[2018.01.25-01.40.16:939][851]LogHttp: Warning: 0000015CC4764280: libcurl info message cache 3 (Could not resolve host: datarouter.ol.epicgames.com)
[2018.01.25-01.40.16:939][851]LogHttp: Warning: 0000015CC4764280: libcurl info message cache 4 (Closing connection 25)
[2018.01.25-03.33.33:687][866]Cmd: MAP LOAD FILE="D:/VergasUE4/Team4FlashHack/Content/VehicleBP/Maps/TrackMap.umap" TEMPLATE=0 SHOWPROGRESS=1 FEATURELEVEL=3
[2018.01.25-03.33.33:699][866]LogSlate: Took 0.005713 seconds to synchronously load lazily loaded font '../../../Engine/Content/Slate/Fonts/Roboto-Light.ttf' (159K)
[2018.01.25-03.33.33:710][866]LightingResults: New page: Lighting Build
[2018.01.25-03.33.33:711][866]LoadErrors: New page: Loading map: TrackMap.umap
[2018.01.25-03.33.33:718][866]MapCheck: New page: Map Check
[2018.01.25-03.33.33:718][866]LightingResults: New page: Lighting Build
[2018.01.25-03.33.34:714][866]LogAIModule: Creating AISystem for world TrackMap
[2018.01.25-03.33.35:751][866]LogEditorServer: Finished looking for orphan Actors (0.000 secs)
[2018.01.25-03.33.35:796][866]Cmd: MAP CHECKDEP NOCLEARLOG
[2018.01.25-03.33.35:854][866]MapCheck: Map check complete: 0 Error(s), 0 Warning(s), took 58.315ms to complete.
[2018.01.25-03.33.35:854][866]LogFileHelpers: Loading map 'TrackMap' took 2.173
[2018.01.25-03.33.49:220][453]LogTemp: Repeating last play command: Selected Viewport
[2018.01.25-03.33.49:484][453]LogPlayLevel: PlayLevel: No blueprints needed recompiling
[2018.01.25-03.33.49:488][453]PIE: New page: PIE session: TrackMap (Jan 24, 2018, 3:33:49 PM)
[2018.01.25-03.33.49:488][453]LogPlayLevel: Creating play world package: /Game/VehicleBP/Maps/UEDPIE_0_TrackMap
[2018.01.25-03.33.49:527][453]LogPlayLevel: PIE: StaticDuplicateObject took: (0.037553s)
[2018.01.25-03.33.49:527][453]LogAIModule: Creating AISystem for world TrackMap
[2018.01.25-03.33.49:527][453]LogPlayLevel: PIE: World Init took: (0.000710s)
[2018.01.25-03.33.49:528][453]LogPlayLevel: PIE: Created PIE world by copying editor world from /Game/VehicleBP/Maps/TrackMap.TrackMap to /Game/VehicleBP/Maps/UEDPIE_0_TrackMap.TrackMap (0.039543s)
[2018.01.25-03.33.49:544][453]LogInit: XAudio2 using 'Speakers / Headphones (Realtek Audio)' : 6 channels at 48 kHz using 32 bits per sample (channel mask 0x3f)
[2018.01.25-03.33.49:603][453]LogInit: FAudioDevice initialized.
[2018.01.25-03.33.49:651][453]LogLoad: Game class is 'VehicleGameMode_C'
[2018.01.25-03.33.49:670][453]LogWorld: Bringing World /Game/VehicleBP/Maps/UEDPIE_0_TrackMap.TrackMap up for play (max tick rate 0) at 2018.01.24-21.33.49
[2018.01.25-03.33.49:674][453]LogWorld: Bringing up level for play took: 0.009681
[2018.01.25-03.33.49:818][453]LogContentBrowser: Native class hierarchy updated for 'MovieSceneCapture' in 0.0007 seconds. Added 11 classes and 0 folders.
[2018.01.25-03.33.49:830][453]PIE: Play in editor start time for /Game/VehicleBP/Maps/UEDPIE_0_TrackMap 1.111
[2018.01.25-03.34.28:355][ 39]LogTemp: Repeating last play command: Selected Viewport
[2018.01.25-03.34.28:371][ 39]LogPlayLevel: PlayLevel: No blueprints needed recompiling
[2018.01.25-03.34.28:371][ 39]PIE: New page: PIE session: TrackMap (Jan 24, 2018, 3:34:28 PM)
[2018.01.25-03.34.28:371][ 39]LogPlayLevel: Creating play world package: /Game/VehicleBP/Maps/UEDPIE_0_TrackMap
[2018.01.25-03.34.28:407][ 39]LogPlayLevel: PIE: StaticDuplicateObject took: (0.035883s)
[2018.01.25-03.34.28:407][ 39]LogAIModule: Creating AISystem for world TrackMap
[2018.01.25-03.34.28:407][ 39]LogPlayLevel: PIE: World Init took: (0.000691s)
[2018.01.25-03.34.28:408][ 39]LogPlayLevel: PIE: Created PIE world by copying editor world from /Game/VehicleBP/Maps/TrackMap.TrackMap to /Game/VehicleBP/Maps/UEDPIE_0_TrackMap.TrackMap (0.036828s)
[2018.01.25-03.34.28:424][ 39]LogInit: XAudio2 using 'Speakers / Headphones (Realtek Audio)' : 6 channels at 48 kHz using 32 bits per sample (channel mask 0x3f)
[2018.01.25-03.34.28:485][ 39]LogInit: FAudioDevice initialized.
[2018.01.25-03.34.28:520][ 39]LogLoad: Game class is 'VehicleGameMode_C'
[2018.01.25-03.34.28:528][ 39]LogWorld: Bringing World /Game/VehicleBP/Maps/UEDPIE_0_TrackMap.TrackMap up for play (max tick rate 0) at 2018.01.24-21.34.28
[2018.01.25-03.34.28:528][ 39]LogWorld: Bringing up level for play took: 0.005385
[2018.01.25-03.34.28:530][ 39]PIE: Play in editor start time for /Game/VehicleBP/Maps/UEDPIE_0_TrackMap -0.188
[2018.01.25-03.36.00:216][  3]LogTemp: Repeating last play command: Selected Viewport
[2018.01.25-03.36.00:231][  3]LogPlayLevel: PlayLevel: No blueprints needed recompiling
[2018.01.25-03.36.00:231][  3]PIE: New page: PIE session: TrackMap (Jan 24, 2018, 3:36:00 PM)
[2018.01.25-03.36.00:231][  3]LogPlayLevel: Creating play world package: /Game/VehicleBP/Maps/UEDPIE_0_TrackMap
[2018.01.25-03.36.00:269][  3]LogPlayLevel: PIE: StaticDuplicateObject took: (0.037587s)
[2018.01.25-03.36.00:269][  3]LogAIModule: Creating AISystem for world TrackMap
[2018.01.25-03.36.00:270][  3]LogPlayLevel: PIE: World Init took: (0.000753s)
[2018.01.25-03.36.00:270][  3]LogPlayLevel: PIE: Created PIE world by copying editor world from /Game/VehicleBP/Maps/TrackMap.TrackMap to /Game/VehicleBP/Maps/UEDPIE_0_TrackMap.TrackMap (0.038572s)
[2018.01.25-03.36.00:310][  3]LogInit: XAudio2 using 'Speakers / Headphones (Realtek Audio)' : 6 channels at 48 kHz using 32 bits per sample (channel mask 0x3f)
[2018.01.25-03.36.00:368][  3]LogInit: FAudioDevice initialized.
[2018.01.25-03.36.00:402][  3]LogLoad: Game class is 'VehicleGameMode_C'
[2018.01.25-03.36.00:411][  3]LogWorld: Bringing World /Game/VehicleBP/Maps/UEDPIE_0_TrackMap.TrackMap up for play (max tick rate 0) at 2018.01.24-21.36.00
[2018.01.25-03.36.00:411][  3]LogWorld: Bringing up level for play took: 0.007118
[2018.01.25-03.36.00:415][  3]PIE: Play in editor start time for /Game/VehicleBP/Maps/UEDPIE_0_TrackMap -0.304
[2018.01.25-03.37.56:422][876]LogTemp: Repeating last play command: Selected Viewport
[2018.01.25-03.37.56:436][876]LogPlayLevel: PlayLevel: No blueprints needed recompiling
[2018.01.25-03.37.56:437][876]PIE: New page: PIE session: TrackMap (Jan 24, 2018, 3:37:56 PM)
[2018.01.25-03.37.56:437][876]LogPlayLevel: Creating play world package: /Game/VehicleBP/Maps/UEDPIE_0_TrackMap
[2018.01.25-03.37.56:475][876]LogPlayLevel: PIE: StaticDuplicateObject took: (0.037505s)
[2018.01.25-03.37.56:475][876]LogAIModule: Creating AISystem for world TrackMap
[2018.01.25-03.37.56:476][876]LogPlayLevel: PIE: World Init took: (0.000830s)
[2018.01.25-03.37.56:476][876]LogPlayLevel: PIE: Created PIE world by copying editor world from /Game/VehicleBP/Maps/TrackMap.TrackMap to /Game/VehicleBP/Maps/UEDPIE_0_TrackMap.TrackMap (0.038583s)
[2018.01.25-03.37.56:492][876]LogInit: XAudio2 using 'Speakers / Headphones (Realtek Audio)' : 6 channels at 48 kHz using 32 bits per sample (channel mask 0x3f)
[2018.01.25-03.37.56:549][876]LogInit: FAudioDevice initialized.
[2018.01.25-03.37.56:583][876]LogLoad: Game class is 'VehicleGameMode_C'
[2018.01.25-03.37.56:591][876]LogWorld: Bringing World /Game/VehicleBP/Maps/UEDPIE_0_TrackMap.TrackMap up for play (max tick rate 0) at 2018.01.24-21.37.56
[2018.01.25-03.37.56:592][876]LogWorld: Bringing up level for play took: 0.005968
[2018.01.25-03.37.56:595][876]PIE: Play in editor start time for /Game/VehicleBP/Maps/UEDPIE_0_TrackMap -0.124
[2018.01.25-03.40.20:985][ 99]LogTexture: Display: Building textures: Texture2D_2 (G8, 128X128)
[2018.01.25-03.40.49:112][353]LogTemp: Repeating last play command: Selected Viewport
[2018.01.25-03.40.49:128][353]LogPlayLevel: PlayLevel: No blueprints needed recompiling
[2018.01.25-03.40.49:128][353]PIE: New page: PIE session: TrackMap (Jan 24, 2018, 3:40:49 PM)
[2018.01.25-03.40.49:128][353]LogPlayLevel: Creating play world package: /Game/VehicleBP/Maps/UEDPIE_0_TrackMap
[2018.01.25-03.40.49:166][353]LogPlayLevel: PIE: StaticDuplicateObject took: (0.038181s)
[2018.01.25-03.40.49:167][353]LogAIModule: Creating AISystem for world TrackMap
[2018.01.25-03.40.49:167][353]LogPlayLevel: PIE: World Init took: (0.000713s)
[2018.01.25-03.40.49:167][353]LogPlayLevel: PIE: Created PIE world by copying editor world from /Game/VehicleBP/Maps/TrackMap.TrackMap to /Game/VehicleBP/Maps/UEDPIE_0_TrackMap.TrackMap (0.039156s)
[2018.01.25-03.40.49:182][353]LogInit: XAudio2 using 'Speakers / Headphones (Realtek Audio)' : 6 channels at 48 kHz using 32 bits per sample (channel mask 0x3f)
[2018.01.25-03.40.49:240][353]LogInit: FAudioDevice initialized.
[2018.01.25-03.40.49:277][353]LogLoad: Game class is 'VehicleGameMode_C'
[2018.01.25-03.40.49:285][353]LogWorld: Bringing World /Game/VehicleBP/Maps/UEDPIE_0_TrackMap.TrackMap up for play (max tick rate 0) at 2018.01.24-21.40.49
[2018.01.25-03.40.49:286][353]LogWorld: Bringing up level for play took: 0.006353
[2018.01.25-03.40.49:288][353]PIE: Play in editor start time for /Game/VehicleBP/Maps/UEDPIE_0_TrackMap 0.57
[2018.01.25-03.41.16:853][642]LogTemp: Repeating last play command: Selected Viewport
[2018.01.25-03.41.16:868][642]LogPlayLevel: PlayLevel: No blueprints needed recompiling
[2018.01.25-03.41.16:868][642]PIE: New page: PIE session: TrackMap (Jan 24, 2018, 3:41:16 PM)
[2018.01.25-03.41.16:868][642]LogPlayLevel: Creating play world package: /Game/VehicleBP/Maps/UEDPIE_0_TrackMap
[2018.01.25-03.41.16:907][642]LogPlayLevel: PIE: StaticDuplicateObject took: (0.038615s)
[2018.01.25-03.41.16:907][642]LogAIModule: Creating AISystem for world TrackMap
[2018.01.25-03.41.16:908][642]LogPlayLevel: PIE: World Init took: (0.000936s)
[2018.01.25-03.41.16:908][642]LogPlayLevel: PIE: Created PIE world by copying editor world from /Game/VehicleBP/Maps/TrackMap.TrackMap to /Game/VehicleBP/Maps/UEDPIE_0_TrackMap.TrackMap (0.039859s)
[2018.01.25-03.41.16:924][642]LogInit: XAudio2 using 'Speakers / Headphones (Realtek Audio)' : 6 channels at 48 kHz using 32 bits per sample (channel mask 0x3f)
[2018.01.25-03.41.16:980][642]LogInit: FAudioDevice initialized.
[2018.01.25-03.41.17:011][642]LogLoad: Game class is 'VehicleGameMode_C'
[2018.01.25-03.41.17:020][642]LogWorld: Bringing World /Game/VehicleBP/Maps/UEDPIE_0_TrackMap.TrackMap up for play (max tick rate 0) at 2018.01.24-21.41.17
[2018.01.25-03.41.17:020][642]LogWorld: Bringing up level for play took: 0.005459
[2018.01.25-03.41.17:023][642]PIE: Play in editor start time for /Game/VehicleBP/Maps/UEDPIE_0_TrackMap 0.304
[2018.01.25-03.42.06:580][564]Cmd: OBJ SAVEPACKAGE PACKAGE="/Game/VehicleBP/Maps/TrackMap" FILE="D:/VergasUE4/Team4FlashHack/Content/VehicleBP/Maps/TrackMap.umap" SILENT=true AUTOSAVING=false KEEPDIRTY=false
[2018.01.25-03.42.07:343][564]LogSavePackage: Save=453.12ms
[2018.01.25-03.42.07:343][564]LogSavePackage: Moving 'D:/VergasUE4/Team4FlashHack/Saved/TrackMap548D4A66497EDDF0814322BEE87F2040.tmp' to 'D:/VergasUE4/Team4FlashHack/Content/VehicleBP/Maps/TrackMap.umap'
[2018.01.25-03.42.07:349][564]LogSavePackage: Display: Finished SavePackage D:/VergasUE4/Team4FlashHack/Content/VehicleBP/Maps/TrackMap.umap
[2018.01.25-03.42.07:374][564]Cmd: OBJ SAVEPACKAGE PACKAGE="/Game/VehicleBP/Maps/TrackMap_BuiltData" FILE="D:/VergasUE4/Team4FlashHack/Content/VehicleBP/Maps/TrackMap_BuiltData.uasset" SILENT=true
[2018.01.25-03.42.07:395][564]LogSavePackage: Save=14.16ms
[2018.01.25-03.42.07:395][564]LogSavePackage: Moving 'D:/VergasUE4/Team4FlashHack/Saved/TrackMap_BuiltDataD8FF89944BDE8E46F67D3A9637F988F9.tmp' to 'D:/VergasUE4/Team4FlashHack/Content/VehicleBP/Maps/TrackMap_BuiltData.uasset'
[2018.01.25-03.42.07:395][564]LogSavePackage: Display: Finished SavePackage D:/VergasUE4/Team4FlashHack/Content/VehicleBP/Maps/TrackMap_BuiltData.uasset
[2018.01.25-04.27.07:663][345]Cmd: QUIT_EDITOR
[2018.01.25-04.27.07:699][345]LogWindowsTextInputMethodSystem: Display: IME system now deactivated.
[2018.01.25-04.27.07:712][345]LogExit: Preparing to exit.
[2018.01.25-04.27.08:244][345]LogExit: Editor shut down
[2018.01.25-04.27.08:248][345]LogExit: Transaction tracking system shut down
[2018.01.25-04.27.08:448][345]LogDirectoryWatcher: A directory notification for '../../../Engine/Content/' was aborted.
[2018.01.25-04.27.08:448][345]LogDirectoryWatcher: A directory notification for 'D:/VergasUE4/Team4FlashHack/Content/' was aborted.
[2018.01.25-04.27.08:448][345]LogDirectoryWatcher: A directory notification for '../../../Engine/Plugins/2D/Paper2D/Content/' was aborted.
[2018.01.25-04.27.08:448][345]LogDirectoryWatcher: A directory notification for '../../../Engine/Plugins/Runtime/Oculus/OculusVR/Content/' was aborted.
[2018.01.25-04.27.08:448][345]LogDirectoryWatcher: A directory notification for '../../../Engine/Plugins/Runtime/Steam/SteamVR/Content/' was aborted.
[2018.01.25-04.27.08:557][345]LogExit: Object subsystem successfully closed.
[2018.01.25-04.27.08:589][345]LogD3D11RHI: Shutdown
[2018.01.25-04.27.08:589][345]LogD3D11RHI: CleanupD3DDevice
[2018.01.25-04.27.08:680][345]LogD3D11RHI: ~FD3D11DynamicRHI
[2018.01.25-04.27.08:718][345]LogModuleManager: Shutting down and abandoning module MovieSceneCapture (534)
[2018.01.25-04.27.08:718][345]LogModuleManager: Shutting down and abandoning module HierarchicalLODOutliner (532)
[2018.01.25-04.27.08:718][345]LogModuleManager: Shutting down and abandoning module SceneOutliner (530)
[2018.01.25-04.27.08:718][345]LogModuleManager: Shutting down and abandoning module AddContentDialog (528)
[2018.01.25-04.27.08:718][345]LogDirectoryWatcher: A directory notification for 'C:/Program Files/Epic Games/UE_4.17/FeaturePacks/' was aborted.
[2018.01.25-04.27.08:720][345]LogModuleManager: Shutting down and abandoning module WidgetCarousel (527)
[2018.01.25-04.27.08:720][345]LogModuleManager: Shutting down and abandoning module EditorWidgets (524)
[2018.01.25-04.27.08:720][345]LogModuleManager: Shutting down and abandoning module CollectionManager (522)
[2018.01.25-04.27.08:721][345]LogDirectoryWatcher: A directory notification for 'D:/VergasUE4/Team4FlashHack/Content/Collections/' was aborted.
[2018.01.25-04.27.08:721][345]LogDirectoryWatcher: A directory notification for 'D:/VergasUE4/Team4FlashHack/Content/Developers/WilliamBlok/Collections/' was aborted.
[2018.01.25-04.27.08:721][345]LogDirectoryWatcher: A directory notification for 'D:/VergasUE4/Team4FlashHack/Saved/Collections/' was aborted.
[2018.01.25-04.27.08:721][345]LogModuleManager: Shutting down and abandoning module StatsViewer (520)
[2018.01.25-04.27.08:721][345]LogModuleManager: Shutting down and abandoning module FoliageEdit (518)
[2018.01.25-04.27.08:721][345]LogModuleManager: Shutting down and abandoning module LandscapeEditor (516)
[2018.01.25-04.27.08:721][345]LogModuleManager: Shutting down and abandoning module MeshPaintMode (514)
[2018.01.25-04.27.08:721][345]LogModuleManager: Shutting down and abandoning module SceneDepthPickerMode (512)
[2018.01.25-04.27.08:721][345]LogModuleManager: Shutting down and abandoning module ActorPickerMode (510)
[2018.01.25-04.27.08:721][345]LogModuleManager: Shutting down and abandoning module GeometryMode (508)
[2018.01.25-04.27.08:721][345]LogModuleManager: Shutting down and abandoning module TextureAlignMode (506)
[2018.01.25-04.27.08:721][345]LogModuleManager: Shutting down and abandoning module BspMode (504)
[2018.01.25-04.27.08:722][345]LogModuleManager: Shutting down and abandoning module PIEPreviewDeviceProfileSelector (502)
[2018.01.25-04.27.08:722][345]LogModuleManager: Shutting down and abandoning module HardwareSurvey (500)
[2018.01.25-04.27.08:722][345]LogModuleManager: Shutting down and abandoning module SequenceRecorderSections (498)
[2018.01.25-04.27.08:722][345]LogModuleManager: Shutting down and abandoning module AutomationWorker (496)
[2018.01.25-04.27.08:723][345]LogModuleManager: Shutting down and abandoning module MatineeToLevelSequence (494)
[2018.01.25-04.27.08:723][345]LogModuleManager: Shutting down and abandoning module LevelSequenceEditor (492)
[2018.01.25-04.27.08:725][345]LogModuleManager: Shutting down and abandoning module PlacementMode (491)
[2018.01.25-04.27.08:725][345]LogModuleManager: Shutting down and abandoning module WmfMediaFactory (488)
[2018.01.25-04.27.08:725][345]LogModuleManager: Shutting down and abandoning module WmfMediaEditor (486)
[2018.01.25-04.27.08:725][345]LogModuleManager: Shutting down and abandoning module AvfMediaFactory (484)
[2018.01.25-04.27.08:725][345]LogModuleManager: Shutting down and abandoning module AvfMediaEditor (482)
[2018.01.25-04.27.08:726][345]LogModuleManager: Shutting down and abandoning module AndroidMediaFactory (480)
[2018.01.25-04.27.08:726][345]LogModuleManager: Shutting down and abandoning module Media (479)
[2018.01.25-04.27.08:726][345]LogModuleManager: Shutting down and abandoning module AndroidMediaEditor (476)
[2018.01.25-04.27.08:726][345]LogModuleManager: Shutting down and abandoning module CharacterAI (474)
[2018.01.25-04.27.08:726][345]LogModuleManager: Shutting down and abandoning module AudioCapture (472)
[2018.01.25-04.27.08:726][345]LogModuleManager: Shutting down and abandoning module SequenceRecorder (471)
[2018.01.25-04.27.08:726][345]LogModuleManager: Shutting down and abandoning module SmartSnapping (468)
[2018.01.25-04.27.08:726][345]LogModuleManager: Shutting down and abandoning module SessionServices (466)
[2018.01.25-04.27.08:726][345]LogModuleManager: Shutting down and abandoning module ViewportSnapping (464)
[2018.01.25-04.27.08:726][345]LogModuleManager: Shutting down and abandoning module ViewportInteraction (462)
[2018.01.25-04.27.08:726][345]LogModuleManager: Shutting down and abandoning module ClothPainter (460)
[2018.01.25-04.27.08:728][345]LogModuleManager: Shutting down and abandoning module LogVisualizer (458)
[2018.01.25-04.27.08:729][345]LogModuleManager: Shutting down and abandoning module IntroTutorials (456)
[2018.01.25-04.27.08:729][345]LogModuleManager: Shutting down and abandoning module GameProjectGeneration (455)
[2018.01.25-04.27.08:730][345]LogModuleManager: Shutting down and abandoning module IOSPlatformEditor (452)
[2018.01.25-04.27.08:731][345]LogModuleManager: Shutting down and abandoning module HTML5PlatformEditor (450)
[2018.01.25-04.27.08:731][345]LogModuleManager: Shutting down and abandoning module AndroidPlatformEditor (448)
[2018.01.25-04.27.08:731][345]LogModuleManager: Shutting down and abandoning module AndroidDeviceDetection (447)
[2018.01.25-04.27.09:327][345]LogModuleManager: Shutting down and abandoning module WindowsPlatformEditor (444)
[2018.01.25-04.27.09:327][345]LogModuleManager: Shutting down and abandoning module IOSRuntimeSettings (442)
[2018.01.25-04.27.09:327][345]LogModuleManager: Shutting down and abandoning module AndroidRuntimeSettings (440)
[2018.01.25-04.27.09:327][345]LogModuleManager: Shutting down and abandoning module InputBindingEditor (438)
[2018.01.25-04.27.09:329][345]LogModuleManager: Shutting down and abandoning module MergeActors (436)
[2018.01.25-04.27.09:331][345]LogModuleManager: Shutting down and abandoning module SizeMap (434)
[2018.01.25-04.27.09:331][345]LogModuleManager: Shutting down and abandoning module TreeMap (432)
[2018.01.25-04.27.09:333][345]LogModuleManager: Shutting down and abandoning module ReferenceViewer (430)
[2018.01.25-04.27.09:333][345]LogModuleManager: Shutting down and abandoning module LocalizationDashboard (428)
[2018.01.25-04.27.09:338][345]LogModuleManager: Shutting down and abandoning module LocalizationService (427)
[2018.01.25-04.27.09:338][345]LogModuleManager: Shutting down and abandoning module HardwareTargeting (424)
[2018.01.25-04.27.09:338][345]LogModuleManager: Shutting down and abandoning module DeviceProfileEditor (422)
[2018.01.25-04.27.09:341][345]LogModuleManager: Shutting down and abandoning module UndoHistory (420)
[2018.01.25-04.27.09:341][345]LogModuleManager: Shutting down and abandoning module XmlParser (418)
[2018.01.25-04.27.09:343][345]LogModuleManager: Shutting down and abandoning module Blutility (416)
[2018.01.25-04.27.09:343][345]LogModuleManager: Shutting down and abandoning module ProjectSettingsViewer (414)
[2018.01.25-04.27.09:343][345]LogModuleManager: Shutting down and abandoning module ProjectTargetPlatformEditor (413)
[2018.01.25-04.27.09:343][345]LogModuleManager: Shutting down and abandoning module EditorSettingsViewer (410)
[2018.01.25-04.27.09:343][345]LogModuleManager: Shutting down and abandoning module SettingsEditor (408)
[2018.01.25-04.27.09:347][345]LogModuleManager: Shutting down and abandoning module ProjectLauncher (406)
[2018.01.25-04.27.09:347][345]LogModuleManager: Shutting down and abandoning module SessionFrontend (404)
[2018.01.25-04.27.09:348][345]LogModuleManager: Shutting down and abandoning module ProfilerClient (402)
[2018.01.25-04.27.09:348][345]LogModuleManager: Shutting down and abandoning module DeviceManager (400)
[2018.01.25-04.27.09:348][345]LogModuleManager: Shutting down and abandoning module TargetDeviceServices (399)
[2018.01.25-04.27.09:402][345]LogModuleManager: Shutting down and abandoning module AutomationController (396)
[2018.01.25-04.27.09:403][345]LogModuleManager: Shutting down and abandoning module AutomationWindow (394)
[2018.01.25-04.27.09:404][345]LogModuleManager: Shutting down and abandoning module Layers (392)
[2018.01.25-04.27.09:405][345]LogModuleManager: Shutting down and abandoning module ComponentVisualizers (390)
[2018.01.25-04.27.09:405][345]LogModuleManager: Shutting down and abandoning module DetailCustomizations (388)
[2018.01.25-04.27.09:405][345]LogModuleManager: Shutting down and abandoning module PackagesDialog (386)
[2018.01.25-04.27.09:406][345]LogModuleManager: Shutting down and abandoning module Persona (384)
[2018.01.25-04.27.09:406][345]LogModuleManager: Shutting down and abandoning module AdvancedPreviewScene (383)
[2018.01.25-04.27.09:406][345]LogModuleManager: Shutting down and abandoning module AnimGraph (381)
[2018.01.25-04.27.09:407][345]LogModuleManager: Shutting down and abandoning module Kismet (378)
[2018.01.25-04.27.09:407][345]LogModuleManager: Shutting down and abandoning module ClassViewer (376)
[2018.01.25-04.27.09:407][345]LogModuleManager: Shutting down and abandoning module Toolbox (374)
[2018.01.25-04.27.09:407][345]LogModuleManager: Shutting down and abandoning module ModuleUI (372)
[2018.01.25-04.27.09:408][345]LogModuleManager: Shutting down and abandoning module MovieSceneTools (370)
[2018.01.25-04.27.09:409][345]LogModuleManager: Shutting down and abandoning module OutputLog (368)
[2018.01.25-04.27.09:409][345]LogModuleManager: Shutting down and abandoning module GammaUI (366)
[2018.01.25-04.27.09:409][345]LogModuleManager: Shutting down and abandoning module Documentation (364)
[2018.01.25-04.27.09:409][345]LogModuleManager: Shutting down and abandoning module MovieSceneTracks (362)
[2018.01.25-04.27.09:409][345]LogModuleManager: Shutting down and abandoning module MovieScene (360)
[2018.01.25-04.27.09:410][345]LogModuleManager: Shutting down and abandoning module Niagara (358)
[2018.01.25-04.27.09:410][345]LogModuleManager: Shutting down and abandoning module NiagaraEditor (357)
[2018.01.25-04.27.09:411][345]LogModuleManager: Shutting down and abandoning module StreamingPauseRendering (354)
[2018.01.25-04.27.09:411][345]LogModuleManager: Shutting down and abandoning module LauncherPlatform (352)
[2018.01.25-04.27.09:411][345]LogModuleManager: Shutting down and abandoning module AnalyticsET (350)
[2018.01.25-04.27.09:411][345]LogModuleManager: Shutting down and abandoning module PortalServices (348)
[2018.01.25-04.27.09:411][345]LogModuleManager: Shutting down and abandoning module PortalRpc (346)
[2018.01.25-04.27.09:411][345]LogModuleManager: Shutting down and abandoning module MessagingRpc (344)
[2018.01.25-04.27.09:411][345]LogModuleManager: Shutting down and abandoning module AIModule (342)
[2018.01.25-04.27.09:411][345]LogModuleManager: Shutting down and abandoning module GameplayDebugger (341)
[2018.01.25-04.27.09:411][345]LogModuleManager: Shutting down and abandoning module AITestSuite (339)
[2018.01.25-04.27.09:411][345]LogModuleManager: Shutting down and abandoning module ProfilerService (336)
[2018.01.25-04.27.09:493][345]LogModuleManager: Shutting down and abandoning module TaskGraph (334)
[2018.01.25-04.27.09:494][345]LogModuleManager: Shutting down and abandoning module SteamVRController (332)
[2018.01.25-04.27.09:494][345]LogModuleManager: Shutting down and abandoning module ProceduralMeshComponentEditor (330)
[2018.01.25-04.27.09:494][345]LogModuleManager: Shutting down and abandoning module ProceduralMeshComponent (328)
[2018.01.25-04.27.09:494][345]LogModuleManager: Shutting down and abandoning module OculusInput (326)
[2018.01.25-04.27.09:494][345]LogModuleManager: Shutting down and abandoning module MobilePatchingUtils (324)
[2018.01.25-04.27.09:494][345]LogModuleManager: Shutting down and abandoning module CustomMeshComponent (322)
[2018.01.25-04.27.09:494][345]LogModuleManager: Shutting down and abandoning module CableComponent (320)
[2018.01.25-04.27.09:494][345]LogModuleManager: Shutting down and abandoning module ArchVisCharacter (318)
[2018.01.25-04.27.09:494][345]LogModuleManager: Shutting down and abandoning module AndroidPermission (316)
[2018.01.25-04.27.09:494][345]LogModuleManager: Shutting down and abandoning module MediaPlayerEditor (312)
[2018.01.25-04.27.09:496][345]LogModuleManager: Shutting down and abandoning module RawInput (310)
[2018.01.25-04.27.09:496][345]LogModuleManager: Shutting down and abandoning module HTML5Networking (308)
[2018.01.25-04.27.09:496][345]LogModuleManager: Shutting down and abandoning module AlembicImporter (306)
[2018.01.25-04.27.09:496][345]LogModuleManager: Shutting down and abandoning module AlembicLibrary (305)
[2018.01.25-04.27.09:496][345]LogModuleManager: Shutting down and abandoning module GeometryCache (304)
[2018.01.25-04.27.09:496][345]LogModuleManager: Shutting down and abandoning module GeometryCacheEd (303)
[2018.01.25-04.27.09:496][345]LogModuleManager: Shutting down and abandoning module SpeedTreeImporter (298)
[2018.01.25-04.27.09:496][345]LogModuleManager: Shutting down and abandoning module PluginBrowser (296)
[2018.01.25-04.27.09:497][345]LogModuleManager: Shutting down and abandoning module MobileLauncherProfileWizard (294)
[2018.01.25-04.27.09:498][345]LogModuleManager: Shutting down and abandoning module VisualStudioSourceCodeAccess (292)
[2018.01.25-04.27.09:498][345]LogModuleManager: Shutting down and abandoning module DesktopPlatform (291)
[2018.01.25-04.27.09:498][345]LogModuleManager: Shutting down and abandoning module UObjectPlugin (288)
[2018.01.25-04.27.09:498][345]LogModuleManager: Shutting down and abandoning module SubversionSourceControl (286)
[2018.01.25-04.27.09:499][345]LogModuleManager: Shutting down and abandoning module PerforceSourceControl (284)
[2018.01.25-04.27.09:499][345]LogModuleManager: Shutting down and abandoning module GitSourceControl (282)
[2018.01.25-04.27.09:500][345]LogModuleManager: Shutting down and abandoning module SourceControl (281)
[2018.01.25-04.27.09:500][345]LogModuleManager: Shutting down and abandoning module LightPropagationVolumeEditor (278)
[2018.01.25-04.27.09:500][345]LogModuleManager: Shutting down and abandoning module PaperTiledImporter (276)
[2018.01.25-04.27.09:500][345]LogModuleManager: Shutting down and abandoning module PaperSpriteSheetImporter (274)
[2018.01.25-04.27.09:500][345]LogModuleManager: Shutting down and abandoning module Paper2DEditor (272)
[2018.01.25-04.27.09:501][345]LogModuleManager: Shutting down and abandoning module MeshPaint (271)
[2018.01.25-04.27.09:501][345]LogModuleManager: Shutting down and abandoning module LevelEditor (269)
[2018.01.25-04.27.09:501][345]LogModuleManager: Shutting down and abandoning module PixelInspectorModule (268)
[2018.01.25-04.27.09:502][345]LogModuleManager: Shutting down and abandoning module MainFrame (266)
[2018.01.25-04.27.09:502][345]LogModuleManager: Shutting down and abandoning module HotReload (265)
[2018.01.25-04.27.09:502][345]LogModuleManager: Shutting down and abandoning module RuntimePhysXCooking (260)
[2018.01.25-04.27.09:502][345]LogModuleManager: Shutting down and abandoning module PhysXVehiclesEditor (258)
[2018.01.25-04.27.09:502][345]LogModuleManager: Shutting down and abandoning module PhysXVehicles (256)
[2018.01.25-04.27.09:502][345]LogModuleManager: Shutting down and abandoning module OculusEditor (254)
[2018.01.25-04.27.09:503][345]LogModuleManager: Shutting down and abandoning module LocationServicesBPLibrary (252)
[2018.01.25-04.27.09:503][345]LogModuleManager: Shutting down and abandoning module ImmediatePhysicsEditor (250)
[2018.01.25-04.27.09:503][345]LogModuleManager: Shutting down and abandoning module ImmediatePhysics (248)
[2018.01.25-04.27.09:503][345]LogModuleManager: Shutting down and abandoning module UdpMessaging (246)
[2018.01.25-04.27.09:604][345]LogModuleManager: Shutting down and abandoning module TcpMessaging (244)
[2018.01.25-04.27.09:705][345]LogModuleManager: Shutting down and abandoning module GameplayTagsEditor (242)
[2018.01.25-04.27.09:707][345]LogModuleManager: Shutting down and abandoning module FacialAnimationEditor (240)
[2018.01.25-04.27.09:707][345]LogModuleManager: Shutting down and abandoning module FacialAnimation (238)
[2018.01.25-04.27.09:707][345]LogModuleManager: Shutting down and abandoning module AssetManagerEditor (236)
[2018.01.25-04.27.09:708][345]LogModuleManager: Shutting down and abandoning module GraphEditor (235)
[2018.01.25-04.27.09:711][345]LogModuleManager: Shutting down and abandoning module ContentBrowser (233)
[2018.01.25-04.27.09:713][345]LogModuleManager: Shutting down and abandoning module LightPropagationVolumeRuntime (230)
[2018.01.25-04.27.09:713][345]LogModuleManager: Shutting down and abandoning module Paper2D (228)
[2018.01.25-04.27.09:714][345]LogModuleManager: Shutting down and abandoning module WindowsMoviePlayer (226)
[2018.01.25-04.27.09:714][345]LogModuleManager: Shutting down and abandoning module WmfMedia (224)
[2018.01.25-04.27.09:721][345]LogModuleManager: Shutting down and abandoning module PacketHandler (222)
[2018.01.25-04.27.09:721][345]LogModuleManager: Shutting down and abandoning module ClothingSystemEditor (220)
[2018.01.25-04.27.09:721][345]LogModuleManager: Shutting down and abandoning module ClothingSystemRuntime (218)
[2018.01.25-04.27.09:722][345]LogModuleManager: Shutting down and abandoning module Overlay (216)
[2018.01.25-04.27.09:722][345]LogModuleManager: Shutting down and abandoning module OverlayEditor (215)
[2018.01.25-04.27.09:722][345]LogModuleManager: Shutting down and abandoning module MediaAssets (212)
[2018.01.25-04.27.09:722][345]LogModuleManager: Shutting down and abandoning module VREditor (210)
[2018.01.25-04.27.09:723][345]LogModuleManager: Shutting down and abandoning module StringTableEditor (208)
[2018.01.25-04.27.09:723][345]LogModuleManager: Shutting down and abandoning module GameplayTasksEditor (206)
[2018.01.25-04.27.09:723][345]LogModuleManager: Shutting down and abandoning module BehaviorTreeEditor (204)
[2018.01.25-04.27.09:725][345]LogModuleManager: Shutting down and abandoning module FunctionalTesting (202)
[2018.01.25-04.27.09:726][345]LogModuleManager: Shutting down and abandoning module CollisionAnalyzer (200)
[2018.01.25-04.27.09:726][345]LogModuleManager: Shutting down and abandoning module WorkspaceMenuStructure (199)
[2018.01.25-04.27.09:727][345]LogModuleManager: Shutting down and abandoning module UMG (196)
[2018.01.25-04.27.09:728][345]LogModuleManager: Shutting down and abandoning module UMGEditor (195)
[2018.01.25-04.27.09:729][345]LogModuleManager: Shutting down and abandoning module Sequencer (194)
[2018.01.25-04.27.09:731][345]LogModuleManager: Shutting down and abandoning module MessageLog (191)
[2018.01.25-04.27.09:731][345]LogModuleManager: Shutting down and abandoning module SlateReflector (186)
[2018.01.25-04.27.09:733][345]LogModuleManager: Shutting down and abandoning module Slate (184)
[2018.01.25-04.27.09:733][345]LogModuleManager: Shutting down and abandoning module EditorStyle (182)
[2018.01.25-04.27.09:736][345]LogModuleManager: Shutting down and abandoning module MRMesh (180)
[2018.01.25-04.27.09:736][345]LogModuleManager: Shutting down and abandoning module SourceCodeAccess (178)
[2018.01.25-04.27.09:736][345]LogModuleManager: Shutting down and abandoning module HeadMountedDisplay (176)
[2018.01.25-04.27.09:736][345]LogModuleManager: Shutting down and abandoning module XAudio2 (174)
[2018.01.25-04.27.09:736][345]LogModuleManager: Shutting down and abandoning module Networking (172)
[2018.01.25-04.27.09:736][345]LogModuleManager: Shutting down and abandoning module Core (168)
[2018.01.25-04.27.09:736][345]LogModuleManager: Shutting down and abandoning module KismetCompiler (164)
[2018.01.25-04.27.09:736][345]LogModuleManager: Shutting down and abandoning module LevelSequence (162)
[2018.01.25-04.27.09:737][345]LogModuleManager: Shutting down and abandoning module MeshUtilities (160)
[2018.01.25-04.27.09:737][345]LogModuleManager: Shutting down and abandoning module MeshMergeUtilities (159)
[2018.01.25-04.27.09:738][345]LogModuleManager: Shutting down and abandoning module MeshReductionInterface (158)
[2018.01.25-04.27.09:738][345]LogModuleManager: Shutting down and abandoning module SimplygonSwarm (157)
[2018.01.25-04.27.09:739][345]LogModuleManager: Shutting down and abandoning module SimplygonMeshReduction (155)
[2018.01.25-04.27.09:739][345]LogModuleManager: Shutting down and abandoning module QuadricMeshReduction (153)
[2018.01.25-04.27.09:739][345]LogModuleManager: Shutting down and abandoning module MaterialBaking (149)
[2018.01.25-04.27.09:740][345]LogModuleManager: Shutting down and abandoning module DirectoryWatcher (146)
[2018.01.25-04.27.09:740][345]LogModuleManager: Shutting down and abandoning module DerivedDataCache (144)
[2018.01.25-04.27.09:826][345]LogDerivedDataCache: Shutdown
[2018.01.25-04.27.09:826][345]LogModuleManager: Shutting down and abandoning module TargetPlatform (142)
[2018.01.25-04.27.09:826][345]LogModuleManager: Shutting down and abandoning module VulkanShaderFormat (141)
[2018.01.25-04.27.09:827][345]LogModuleManager: Shutting down and abandoning module ShaderFormatVectorVM (139)
[2018.01.25-04.27.09:827][345]LogModuleManager: Shutting down and abandoning module ShaderFormatOpenGL (137)
[2018.01.25-04.27.09:828][345]LogModuleManager: Shutting down and abandoning module ShaderFormatD3D (135)
[2018.01.25-04.27.09:828][345]LogModuleManager: Shutting down and abandoning module MetalShaderFormat (133)
[2018.01.25-04.27.09:828][345]LogModuleManager: Shutting down and abandoning module TextureFormatUncompressed (131)
[2018.01.25-04.27.09:828][345]LogModuleManager: Shutting down and abandoning module TextureFormatPVR (129)
[2018.01.25-04.27.09:828][345]LogModuleManager: Shutting down and abandoning module TextureFormatDXT (127)
[2018.01.25-04.27.09:829][345]LogModuleManager: Shutting down and abandoning module TextureFormatIntelISPCTexComp (125)
[2018.01.25-04.27.09:829][345]LogModuleManager: Shutting down and abandoning module TextureFormatASTC (123)
[2018.01.25-04.27.09:829][345]LogModuleManager: Shutting down and abandoning module ImageWrapper (122)
[2018.01.25-04.27.09:829][345]LogModuleManager: Shutting down and abandoning module TextureFormatAndroid (119)
[2018.01.25-04.27.09:829][345]LogModuleManager: Shutting down and abandoning module AudioFormatOpus (117)
[2018.01.25-04.27.09:829][345]LogModuleManager: Shutting down and abandoning module AudioFormatOgg (115)
[2018.01.25-04.27.09:829][345]LogModuleManager: Shutting down and abandoning module AudioFormatADPCM (113)
[2018.01.25-04.27.09:829][345]LogModuleManager: Shutting down and abandoning module LinuxTargetPlatform (111)
[2018.01.25-04.27.09:829][345]LogModuleManager: Shutting down and abandoning module LinuxServerTargetPlatform (109)
[2018.01.25-04.27.09:829][345]LogModuleManager: Shutting down and abandoning module LinuxNoEditorTargetPlatform (107)
[2018.01.25-04.27.09:829][345]LogModuleManager: Shutting down and abandoning module LinuxClientTargetPlatform (105)
[2018.01.25-04.27.09:829][345]LogModuleManager: Shutting down and abandoning module TVOSTargetPlatform (103)
[2018.01.25-04.27.09:829][345]LogModuleManager: Shutting down and abandoning module Messaging (101)
[2018.01.25-04.27.09:829][345]LogModuleManager: Shutting down and abandoning module IOSTargetPlatform (99)
[2018.01.25-04.27.09:829][345]LogModuleManager: Shutting down and abandoning module HTML5TargetPlatform (97)
[2018.01.25-04.27.09:829][345]LogModuleManager: Shutting down and abandoning module Android_PVRTCTargetPlatform (95)
[2018.01.25-04.27.09:829][345]LogModuleManager: Shutting down and abandoning module Android_MultiTargetPlatform (93)
[2018.01.25-04.27.09:829][345]LogModuleManager: Shutting down and abandoning module Android_ETC2TargetPlatform (91)
[2018.01.25-04.27.09:829][345]LogModuleManager: Shutting down and abandoning module Android_ETC1TargetPlatform (89)
[2018.01.25-04.27.09:829][345]LogModuleManager: Shutting down and abandoning module Android_DXTTargetPlatform (87)
[2018.01.25-04.27.09:829][345]LogModuleManager: Shutting down and abandoning module Android_ATCTargetPlatform (85)
[2018.01.25-04.27.09:830][345]LogModuleManager: Shutting down and abandoning module Android_ASTCTargetPlatform (83)
[2018.01.25-04.27.09:830][345]LogModuleManager: Shutting down and abandoning module AndroidTargetPlatform (81)
[2018.01.25-04.27.09:830][345]LogModuleManager: Shutting down and abandoning module WindowsTargetPlatform (79)
[2018.01.25-04.27.09:830][345]LogModuleManager: Shutting down and abandoning module WindowsServerTargetPlatform (77)
[2018.01.25-04.27.09:830][345]LogModuleManager: Shutting down and abandoning module WindowsNoEditorTargetPlatform (75)
[2018.01.25-04.27.09:830][345]LogModuleManager: Shutting down and abandoning module WindowsClientTargetPlatform (73)
[2018.01.25-04.27.09:830][345]LogModuleManager: Shutting down and abandoning module MacTargetPlatform (71)
[2018.01.25-04.27.09:830][345]LogModuleManager: Shutting down and abandoning module MacServerTargetPlatform (69)
[2018.01.25-04.27.09:830][345]LogModuleManager: Shutting down and abandoning module MacNoEditorTargetPlatform (67)
[2018.01.25-04.27.09:830][345]LogModuleManager: Shutting down and abandoning module MacClientTargetPlatform (65)
[2018.01.25-04.27.09:830][345]LogModuleManager: Shutting down and abandoning module AllDesktopTargetPlatform (63)
[2018.01.25-04.27.09:830][345]LogModuleManager: Shutting down and abandoning module InputCore (60)
[2018.01.25-04.27.09:830][345]LogModuleManager: Shutting down and abandoning module Settings (58)
[2018.01.25-04.27.09:830][345]LogModuleManager: Shutting down and abandoning module PhysXCooking (56)
[2018.01.25-04.27.09:830][345]LogModuleManager: Shutting down and abandoning module SteamVR (54)
[2018.01.25-04.27.09:830][345]LogModuleManager: Shutting down and abandoning module OculusHMD (52)
[2018.01.25-04.27.09:830][345]LogModuleManager: Shutting down and abandoning module ExampleDeviceProfileSelector (50)
[2018.01.25-04.27.09:830][345]LogModuleManager: Shutting down and abandoning module OnlineBlueprintSupport (48)
[2018.01.25-04.27.09:830][345]LogModuleManager: Shutting down and abandoning module OnlineSubsystem (44)
[2018.01.25-04.27.09:830][345]LogOnline: Display: Unloading online subsystem: NULL
[2018.01.25-04.27.09:831][345]LogModuleManager: Shutting down and abandoning module XMPP (43)
[2018.01.25-04.27.09:832][345]LogModuleManager: Shutting down and abandoning module HTTP (41)
[2018.01.25-04.27.09:832][345]LogHttp: Display: Http module shutting down, but needs to wait on 1 outstanding Http requests:
[2018.01.25-04.27.09:832][345]LogHttp: Display: 	verb=[POST] url=[https://datarouter.ol.epicgames.com/datarouter/api/v1/public/data?SessionID=%7B117D2F53-4AA2-BFD7-4683-7E952BBFE714%7D&AppID=UEEditor.Rocket.Release&AppVersion=4.17.2-3658906%2B%2B%2BUE4%2BRelease-4.17&UserID=272de67245f3ef0c9b6438ad0453cd40%7Cab285192a42947c48d1ac94c0bf97865%7C8d307bf9-370a-4258-9e0c-a312b5dd115e&AppEnvironment=datacollector-binary&UploadType=eteventstream] status=Processing
[2018.01.25-04.27.09:842][345]LogModuleManager: Shutting down and abandoning module SSL (40)
[2018.01.25-04.27.09:844][345]LogModuleManager: Shutting down and abandoning module AnimationModifiers (36)
[2018.01.25-04.27.09:844][345]LogModuleManager: Shutting down and abandoning module PropertyEditor (35)
[2018.01.25-04.27.09:844][345]LogModuleManager: Shutting down and abandoning module AudioEditor (32)
[2018.01.25-04.27.09:845][345]LogModuleManager: Shutting down and abandoning module TextureCompressor (30)
[2018.01.25-04.27.09:845][345]LogModuleManager: Shutting down and abandoning module ShaderCore (28)
[2018.01.25-04.27.09:845][345]LogModuleManager: Shutting down and abandoning module Landscape (26)
[2018.01.25-04.27.09:845][345]LogModuleManager: Shutting down and abandoning module SlateRHIRenderer (24)
[2018.01.25-04.27.09:846][345]LogModuleManager: Shutting down and abandoning module OpenGLDrv (22)
[2018.01.25-04.27.09:847][345]LogModuleManager: Shutting down and abandoning module D3D11RHI (20)
[2018.01.25-04.27.09:847][345]LogModuleManager: Shutting down and abandoning module AnimGraphRuntime (18)
[2018.01.25-04.27.09:848][345]LogModuleManager: Shutting down and abandoning module Renderer (16)
[2018.01.25-04.27.09:848][345]LogModuleManager: Shutting down and abandoning module Engine (14)
[2018.01.25-04.27.09:848][345]LogModuleManager: Shutting down and abandoning module CoreUObject (12)
[2018.01.25-04.27.09:848][345]LogModuleManager: Shutting down and abandoning module NetworkFile (10)
[2018.01.25-04.27.09:848][345]LogModuleManager: Shutting down and abandoning module CookedIterativeFile (8)
[2018.01.25-04.27.09:848][345]LogModuleManager: Shutting down and abandoning module StreamingFile (6)
[2018.01.25-04.27.09:849][345]LogModuleManager: Shutting down and abandoning module SandboxFile (4)
[2018.01.25-04.27.09:849][345]LogModuleManager: Shutting down and abandoning module PakFile (2)
[2018.01.25-04.27.09:855][345]LogExit: Exiting.
[2018.01.25-04.27.09:874][345]Log file closed, 01/24/18 22:27:09
